<?xml version="1.0" encoding="UTF-8" ?>
<testsuite tests="1" failures="0" name="com.zyz.Test.MyBatisTest" time="0.398" errors="1" skipped="0">
  <properties>
[...]
</properties>
  <testcase classname="com.zyz.Test.MyBatisTest" name="Test01" time="0.398">
    <error message="
### Error building SqlSession.
### The error may exist in com/zyz/mapper
### Cause: org.apache.ibatis.builder.BuilderException: Error parsing SQL Mapper Configuration. Cause: org.apache.ibatis.builder.BuilderException: Error creating document instance.  Cause: org.xml.sax.SAXParseException; lineNumber: 1; columnNumber: 1; 前言中不允许有内容。" type="org.apache.ibatis.exceptions.PersistenceException">org.apache.ibatis.exceptions.PersistenceException: 
### Error building SqlSession.
### The error may exist in com/zyz/mapper
### Cause: org.apache.ibatis.builder.BuilderException: Error parsing SQL Mapper Configuration. Cause: org.apache.ibatis.builder.BuilderException: Error creating document instance.  Cause: org.xml.sax.SAXParseException; lineNumber: 1; columnNumber: 1; 前言中不允许有内容。
	at org.apache.ibatis.exceptions.ExceptionFactory.wrapException(ExceptionFactory.java:30)
	at org.apache.ibatis.session.SqlSessionFactoryBuilder.build(SqlSessionFactoryBuilder.java:80)
	at org.apache.ibatis.session.SqlSessionFactoryBuilder.build(SqlSessionFactoryBuilder.java:64)
	at com.zyz.Test.MyBatisTest.before(MyBatisTest.java:24)
	at sun.reflect.NativeMethodAccessorImpl.invoke0(Native Method)
	at sun.reflect.NativeMethodAccessorImpl.invoke(NativeMethodAccessorImpl.java:62)
	at sun.reflect.DelegatingMethodAccessorImpl.invoke(DelegatingMethodAccessorImpl.java:43)
	at java.lang.reflect.Method.invoke(Method.java:498)
	at org.junit.runners.model.FrameworkMethod$1.runReflectiveCall(FrameworkMethod.java:50)
	at org.junit.internal.runners.model.ReflectiveCallable.run(ReflectiveCallable.java:12)
	at org.junit.runners.model.FrameworkMethod.invokeExplosively(FrameworkMethod.java:47)
	at org.junit.internal.runners.statements.RunBefores.evaluate(RunBefores.java:24)
	at org.junit.runners.ParentRunner.runLeaf(ParentRunner.java:325)
	at org.junit.runners.BlockJUnit4ClassRunner.runChild(BlockJUnit4ClassRunner.java:78)
	at org.junit.runners.BlockJUnit4ClassRunner.runChild(BlockJUnit4ClassRunner.java:57)
	at org.junit.runners.ParentRunner$3.run(ParentRunner.java:290)
	at org.junit.runners.ParentRunner$1.schedule(ParentRunner.java:71)
	at org.junit.runners.ParentRunner.runChildren(ParentRunner.java:288)
	at org.junit.runners.ParentRunner.access$000(ParentRunner.java:58)
	at org.junit.runners.ParentRunner$2.evaluate(ParentRunner.java:268)
	at org.junit.runners.ParentRunner.run(ParentRunner.java:363)
	at org.apache.maven.surefire.junit4.JUnit4Provider.execute(JUnit4Provider.java:252)
	at org.apache.maven.surefire.junit4.JUnit4Provider.executeTestSet(JUnit4Provider.java:141)
	at org.apache.maven.surefire.junit4.JUnit4Provider.invoke(JUnit4Provider.java:112)
	at sun.reflect.NativeMethodAccessorImpl.invoke0(Native Method)
	at sun.reflect.NativeMethodAccessorImpl.invoke(NativeMethodAccessorImpl.java:62)
	at sun.reflect.DelegatingMethodAccessorImpl.invoke(DelegatingMethodAccessorImpl.java:43)
	at java.lang.reflect.Method.invoke(Method.java:498)
	at org.apache.maven.surefire.util.ReflectionUtils.invokeMethodWithArray(ReflectionUtils.java:189)
	at org.apache.maven.surefire.booter.ProviderFactory$ProviderProxy.invoke(ProviderFactory.java:165)
	at org.apache.maven.surefire.booter.ProviderFactory.invokeProvider(ProviderFactory.java:85)
	at org.apache.maven.surefire.booter.ForkedBooter.runSuitesInProcess(ForkedBooter.java:115)
	at org.apache.maven.surefire.booter.ForkedBooter.main(ForkedBooter.java:75)
Caused by: org.apache.ibatis.builder.BuilderException: Error parsing SQL Mapper Configuration. Cause: org.apache.ibatis.builder.BuilderException: Error creating document instance.  Cause: org.xml.sax.SAXParseException; lineNumber: 1; columnNumber: 1; 前言中不允许有内容。
	at org.apache.ibatis.builder.xml.XMLConfigBuilder.parseConfiguration(XMLConfigBuilder.java:121)
	at org.apache.ibatis.builder.xml.XMLConfigBuilder.parse(XMLConfigBuilder.java:98)
	at org.apache.ibatis.session.SqlSessionFactoryBuilder.build(SqlSessionFactoryBuilder.java:78)
	... 31 more
Caused by: org.apache.ibatis.builder.BuilderException: Error creating document instance.  Cause: org.xml.sax.SAXParseException; lineNumber: 1; columnNumber: 1; 前言中不允许有内容。
	at org.apache.ibatis.parsing.XPathParser.createDocument(XPathParser.java:263)
	at org.apache.ibatis.parsing.XPathParser.&lt;init&gt;(XPathParser.java:127)
	at org.apache.ibatis.builder.xml.XMLMapperBuilder.&lt;init&gt;(XMLMapperBuilder.java:80)
	at org.apache.ibatis.builder.xml.XMLConfigBuilder.mapperElement(XMLConfigBuilder.java:373)
	at org.apache.ibatis.builder.xml.XMLConfigBuilder.parseConfiguration(XMLConfigBuilder.java:119)
	... 33 more
Caused by: org.xml.sax.SAXParseException; lineNumber: 1; columnNumber: 1; 前言中不允许有内容。
	at com.sun.org.apache.xerces.internal.util.ErrorHandlerWrapper.createSAXParseException(ErrorHandlerWrapper.java:204)
	at com.sun.org.apache.xerces.internal.util.ErrorHandlerWrapper.fatalError(ErrorHandlerWrapper.java:178)
	at com.sun.org.apache.xerces.internal.impl.XMLErrorReporter.reportError(XMLErrorReporter.java:400)
	at com.sun.org.apache.xerces.internal.impl.XMLErrorReporter.reportError(XMLErrorReporter.java:327)
	at com.sun.org.apache.xerces.internal.impl.XMLScanner.reportFatalError(XMLScanner.java:1472)
	at com.sun.org.apache.xerces.internal.impl.XMLDocumentScannerImpl$PrologDriver.next(XMLDocumentScannerImpl.java:1009)
	at com.sun.org.apache.xerces.internal.impl.XMLDocumentScannerImpl.next(XMLDocumentScannerImpl.java:605)
	at com.sun.org.apache.xerces.internal.impl.XMLDocumentFragmentScannerImpl.scanDocument(XMLDocumentFragmentScannerImpl.java:507)
	at com.sun.org.apache.xerces.internal.parsers.XML11Configuration.parse(XML11Configuration.java:867)
	at com.sun.org.apache.xerces.internal.parsers.XML11Configuration.parse(XML11Configuration.java:796)
	at com.sun.org.apache.xerces.internal.parsers.XMLParser.parse(XMLParser.java:142)
	at com.sun.org.apache.xerces.internal.parsers.DOMParser.parse(DOMParser.java:247)
	at com.sun.org.apache.xerces.internal.jaxp.DocumentBuilderImpl.parse(DocumentBuilderImpl.java:339)
	at org.apache.ibatis.parsing.XPathParser.createDocument(XPathParser.java:261)
	... 37 more
</error>
    <system-out>DEBUG [main] - Logging initialized using &apos;class org.apache.ibatis.logging.slf4j.Slf4jImpl&apos; adapter.
DEBUG [main] - Class not found: org.jboss.vfs.VFS
DEBUG [main] - JBoss 6 VFS API is not available in this environment.
DEBUG [main] - Class not found: org.jboss.vfs.VirtualFile
DEBUG [main] - VFS implementation org.apache.ibatis.io.JBoss6VFS is not valid in this environment.
DEBUG [main] - Using VFS adapter org.apache.ibatis.io.DefaultVFS
DEBUG [main] - Find JAR URL: file:/C:/Users/Yongzhi/Desktop/Project/%e6%88%91%e8%a6%81%e8%bf%9b%e5%a4%a7%e5%8e%82/mybatismybatis/target/classes/com/zyz/pojo
DEBUG [main] - Not a JAR: file:/C:/Users/Yongzhi/Desktop/Project/%e6%88%91%e8%a6%81%e8%bf%9b%e5%a4%a7%e5%8e%82/mybatismybatis/target/classes/com/zyz/pojo
DEBUG [main] - Reader entry: Dept.class
DEBUG [main] - Listing file:/C:/Users/Yongzhi/Desktop/Project/%e6%88%91%e8%a6%81%e8%bf%9b%e5%a4%a7%e5%8e%82/mybatismybatis/target/classes/com/zyz/pojo
DEBUG [main] - Find JAR URL: file:/C:/Users/Yongzhi/Desktop/Project/%e6%88%91%e8%a6%81%e8%bf%9b%e5%a4%a7%e5%8e%82/mybatismybatis/target/classes/com/zyz/pojo/Dept.class
DEBUG [main] - Not a JAR: file:/C:/Users/Yongzhi/Desktop/Project/%e6%88%91%e8%a6%81%e8%bf%9b%e5%a4%a7%e5%8e%82/mybatismybatis/target/classes/com/zyz/pojo/Dept.class
DEBUG [main] - Reader entry: ����&amp;#0;&amp;#0;&amp;#0;1&amp;#0;&lt;
DEBUG [main] - Checking to see if class com.zyz.pojo.Dept matches criteria [is assignable to Object]
DEBUG [main] - PooledDataSource forcefully closed/removed all connections.
DEBUG [main] - PooledDataSource forcefully closed/removed all connections.
DEBUG [main] - PooledDataSource forcefully closed/removed all connections.
DEBUG [main] - PooledDataSource forcefully closed/removed all connections.
</system-out>
  </testcase>
</testsuite>