<?xml version="1.0" encoding="UTF-8" ?>
<testsuite tests="3" failures="0" name="com.zyz.test.MyBatisTest" time="0.414" errors="3" skipped="0">
  <properties>
[...]
</properties>
  <testcase classname="com.zyz.test.MyBatisTest" name="Test01" time="0.343">
    <error message="Invalid bound statement (not found): com.zyz.mapper.EmpDeptMapper.selectAll" type="org.apache.ibatis.binding.BindingException">org.apache.ibatis.binding.BindingException: Invalid bound statement (not found): com.zyz.mapper.EmpDeptMapper.selectAll
	at org.apache.ibatis.binding.MapperMethod$SqlCommand.&lt;init&gt;(MapperMethod.java:235)
	at org.apache.ibatis.binding.MapperMethod.&lt;init&gt;(MapperMethod.java:53)
	at org.apache.ibatis.binding.MapperProxy.lambda$cachedMapperMethod$0(MapperProxy.java:98)
	at java.util.concurrent.ConcurrentHashMap.computeIfAbsent(ConcurrentHashMap.java:1660)
	at org.apache.ibatis.binding.MapperProxy.cachedMapperMethod(MapperProxy.java:97)
	at org.apache.ibatis.binding.MapperProxy.invoke(MapperProxy.java:92)
	at com.sun.proxy.$Proxy5.selectAll(Unknown Source)
	at com.zyz.test.MyBatisTest.Test01(MyBatisTest.java:33)
	at sun.reflect.NativeMethodAccessorImpl.invoke0(Native Method)
	at sun.reflect.NativeMethodAccessorImpl.invoke(NativeMethodAccessorImpl.java:62)
	at sun.reflect.DelegatingMethodAccessorImpl.invoke(DelegatingMethodAccessorImpl.java:43)
	at java.lang.reflect.Method.invoke(Method.java:498)
	at org.junit.runners.model.FrameworkMethod$1.runReflectiveCall(FrameworkMethod.java:50)
	at org.junit.internal.runners.model.ReflectiveCallable.run(ReflectiveCallable.java:12)
	at org.junit.runners.model.FrameworkMethod.invokeExplosively(FrameworkMethod.java:47)
	at org.junit.internal.runners.statements.InvokeMethod.evaluate(InvokeMethod.java:17)
	at org.junit.internal.runners.statements.RunBefores.evaluate(RunBefores.java:26)
	at org.junit.runners.ParentRunner.runLeaf(ParentRunner.java:325)
	at org.junit.runners.BlockJUnit4ClassRunner.runChild(BlockJUnit4ClassRunner.java:78)
	at org.junit.runners.BlockJUnit4ClassRunner.runChild(BlockJUnit4ClassRunner.java:57)
	at org.junit.runners.ParentRunner$3.run(ParentRunner.java:290)
	at org.junit.runners.ParentRunner$1.schedule(ParentRunner.java:71)
	at org.junit.runners.ParentRunner.runChildren(ParentRunner.java:288)
	at org.junit.runners.ParentRunner.access$000(ParentRunner.java:58)
	at org.junit.runners.ParentRunner$2.evaluate(ParentRunner.java:268)
	at org.junit.runners.ParentRunner.run(ParentRunner.java:363)
	at org.apache.maven.surefire.junit4.JUnit4Provider.execute(JUnit4Provider.java:252)
	at org.apache.maven.surefire.junit4.JUnit4Provider.executeTestSet(JUnit4Provider.java:141)
	at org.apache.maven.surefire.junit4.JUnit4Provider.invoke(JUnit4Provider.java:112)
	at sun.reflect.NativeMethodAccessorImpl.invoke0(Native Method)
	at sun.reflect.NativeMethodAccessorImpl.invoke(NativeMethodAccessorImpl.java:62)
	at sun.reflect.DelegatingMethodAccessorImpl.invoke(DelegatingMethodAccessorImpl.java:43)
	at java.lang.reflect.Method.invoke(Method.java:498)
	at org.apache.maven.surefire.util.ReflectionUtils.invokeMethodWithArray(ReflectionUtils.java:189)
	at org.apache.maven.surefire.booter.ProviderFactory$ProviderProxy.invoke(ProviderFactory.java:165)
	at org.apache.maven.surefire.booter.ProviderFactory.invokeProvider(ProviderFactory.java:85)
	at org.apache.maven.surefire.booter.ForkedBooter.runSuitesInProcess(ForkedBooter.java:115)
	at org.apache.maven.surefire.booter.ForkedBooter.main(ForkedBooter.java:75)
</error>
    <system-out>DEBUG [main] - Logging initialized using &apos;class org.apache.ibatis.logging.slf4j.Slf4jImpl&apos; adapter.
DEBUG [main] - Class not found: org.jboss.vfs.VFS
DEBUG [main] - JBoss 6 VFS API is not available in this environment.
DEBUG [main] - Class not found: org.jboss.vfs.VirtualFile
DEBUG [main] - VFS implementation org.apache.ibatis.io.JBoss6VFS is not valid in this environment.
DEBUG [main] - Using VFS adapter org.apache.ibatis.io.DefaultVFS
DEBUG [main] - Find JAR URL: file:/C:/Users/Yongzhi/Desktop/Project/%e6%88%91%e8%a6%81%e8%bf%9b%e5%a4%a7%e5%8e%82/MybatisRetuktType/target/classes/com/zyz/pojo
DEBUG [main] - Not a JAR: file:/C:/Users/Yongzhi/Desktop/Project/%e6%88%91%e8%a6%81%e8%bf%9b%e5%a4%a7%e5%8e%82/MybatisRetuktType/target/classes/com/zyz/pojo
DEBUG [main] - Reader entry: Dept.class
DEBUG [main] - Reader entry: Emp.class
DEBUG [main] - Reader entry: EmpDept.class
DEBUG [main] - Reader entry: Items.class
DEBUG [main] - Reader entry: Orderdetail.class
DEBUG [main] - Reader entry: Orders.class
DEBUG [main] - Reader entry: Users.class
DEBUG [main] - Listing file:/C:/Users/Yongzhi/Desktop/Project/%e6%88%91%e8%a6%81%e8%bf%9b%e5%a4%a7%e5%8e%82/MybatisRetuktType/target/classes/com/zyz/pojo
DEBUG [main] - Find JAR URL: file:/C:/Users/Yongzhi/Desktop/Project/%e6%88%91%e8%a6%81%e8%bf%9b%e5%a4%a7%e5%8e%82/MybatisRetuktType/target/classes/com/zyz/pojo/Dept.class
DEBUG [main] - Not a JAR: file:/C:/Users/Yongzhi/Desktop/Project/%e6%88%91%e8%a6%81%e8%bf%9b%e5%a4%a7%e5%8e%82/MybatisRetuktType/target/classes/com/zyz/pojo/Dept.class
DEBUG [main] - Reader entry: ����&amp;#0;&amp;#0;&amp;#0;4&amp;#0;-
DEBUG [main] - Find JAR URL: file:/C:/Users/Yongzhi/Desktop/Project/%e6%88%91%e8%a6%81%e8%bf%9b%e5%a4%a7%e5%8e%82/MybatisRetuktType/target/classes/com/zyz/pojo/Emp.class
DEBUG [main] - Not a JAR: file:/C:/Users/Yongzhi/Desktop/Project/%e6%88%91%e8%a6%81%e8%bf%9b%e5%a4%a7%e5%8e%82/MybatisRetuktType/target/classes/com/zyz/pojo/Emp.class
DEBUG [main] - Reader entry: ����&amp;#0;&amp;#0;&amp;#0;4&amp;#0;O
DEBUG [main] - Find JAR URL: file:/C:/Users/Yongzhi/Desktop/Project/%e6%88%91%e8%a6%81%e8%bf%9b%e5%a4%a7%e5%8e%82/MybatisRetuktType/target/classes/com/zyz/pojo/EmpDept.class
DEBUG [main] - Not a JAR: file:/C:/Users/Yongzhi/Desktop/Project/%e6%88%91%e8%a6%81%e8%bf%9b%e5%a4%a7%e5%8e%82/MybatisRetuktType/target/classes/com/zyz/pojo/EmpDept.class
DEBUG [main] - Reader entry: ����&amp;#0;&amp;#0;&amp;#0;4&amp;#0;s
DEBUG [main] - Find JAR URL: file:/C:/Users/Yongzhi/Desktop/Project/%e6%88%91%e8%a6%81%e8%bf%9b%e5%a4%a7%e5%8e%82/MybatisRetuktType/target/classes/com/zyz/pojo/Items.class
DEBUG [main] - Not a JAR: file:/C:/Users/Yongzhi/Desktop/Project/%e6%88%91%e8%a6%81%e8%bf%9b%e5%a4%a7%e5%8e%82/MybatisRetuktType/target/classes/com/zyz/pojo/Items.class
DEBUG [main] - Reader entry: ����&amp;#0;&amp;#0;&amp;#0;4&amp;#0;5
DEBUG [main] - Find JAR URL: file:/C:/Users/Yongzhi/Desktop/Project/%e6%88%91%e8%a6%81%e8%bf%9b%e5%a4%a7%e5%8e%82/MybatisRetuktType/target/classes/com/zyz/pojo/Orderdetail.class
DEBUG [main] - Not a JAR: file:/C:/Users/Yongzhi/Desktop/Project/%e6%88%91%e8%a6%81%e8%bf%9b%e5%a4%a7%e5%8e%82/MybatisRetuktType/target/classes/com/zyz/pojo/Orderdetail.class
DEBUG [main] - Reader entry: ����&amp;#0;&amp;#0;&amp;#0;4&amp;#0;5
DEBUG [main] - Find JAR URL: file:/C:/Users/Yongzhi/Desktop/Project/%e6%88%91%e8%a6%81%e8%bf%9b%e5%a4%a7%e5%8e%82/MybatisRetuktType/target/classes/com/zyz/pojo/Orders.class
DEBUG [main] - Not a JAR: file:/C:/Users/Yongzhi/Desktop/Project/%e6%88%91%e8%a6%81%e8%bf%9b%e5%a4%a7%e5%8e%82/MybatisRetuktType/target/classes/com/zyz/pojo/Orders.class
DEBUG [main] - Reader entry: ����&amp;#0;&amp;#0;&amp;#0;4&amp;#0;G
DEBUG [main] - Find JAR URL: file:/C:/Users/Yongzhi/Desktop/Project/%e6%88%91%e8%a6%81%e8%bf%9b%e5%a4%a7%e5%8e%82/MybatisRetuktType/target/classes/com/zyz/pojo/Users.class
DEBUG [main] - Not a JAR: file:/C:/Users/Yongzhi/Desktop/Project/%e6%88%91%e8%a6%81%e8%bf%9b%e5%a4%a7%e5%8e%82/MybatisRetuktType/target/classes/com/zyz/pojo/Users.class
DEBUG [main] - Reader entry: ����&amp;#0;&amp;#0;&amp;#0;4&amp;#0;]
DEBUG [main] - Checking to see if class com.zyz.pojo.Dept matches criteria [is assignable to Object]
DEBUG [main] - Checking to see if class com.zyz.pojo.Emp matches criteria [is assignable to Object]
DEBUG [main] - Checking to see if class com.zyz.pojo.EmpDept matches criteria [is assignable to Object]
DEBUG [main] - Checking to see if class com.zyz.pojo.Items matches criteria [is assignable to Object]
DEBUG [main] - Checking to see if class com.zyz.pojo.Orderdetail matches criteria [is assignable to Object]
DEBUG [main] - Checking to see if class com.zyz.pojo.Orders matches criteria [is assignable to Object]
DEBUG [main] - Checking to see if class com.zyz.pojo.Users matches criteria [is assignable to Object]
DEBUG [main] - PooledDataSource forcefully closed/removed all connections.
DEBUG [main] - PooledDataSource forcefully closed/removed all connections.
DEBUG [main] - PooledDataSource forcefully closed/removed all connections.
DEBUG [main] - PooledDataSource forcefully closed/removed all connections.
DEBUG [main] - Find JAR URL: file:/C:/Users/Yongzhi/Desktop/Project/%e6%88%91%e8%a6%81%e8%bf%9b%e5%a4%a7%e5%8e%82/MybatisRetuktType/target/classes/com/zyz/mapper
DEBUG [main] - Not a JAR: file:/C:/Users/Yongzhi/Desktop/Project/%e6%88%91%e8%a6%81%e8%bf%9b%e5%a4%a7%e5%8e%82/MybatisRetuktType/target/classes/com/zyz/mapper
DEBUG [main] - Reader entry: DeptMapper.class
DEBUG [main] - Reader entry: EmpDeptMapper.class
DEBUG [main] - Reader entry: EmpMapper.class
DEBUG [main] - Reader entry: ItemsMapper.class
DEBUG [main] - Reader entry: OrderdetailMapper.class
DEBUG [main] - Reader entry: OrdersMapper.class
DEBUG [main] - Reader entry: UsersMapper.class
DEBUG [main] - Listing file:/C:/Users/Yongzhi/Desktop/Project/%e6%88%91%e8%a6%81%e8%bf%9b%e5%a4%a7%e5%8e%82/MybatisRetuktType/target/classes/com/zyz/mapper
DEBUG [main] - Find JAR URL: file:/C:/Users/Yongzhi/Desktop/Project/%e6%88%91%e8%a6%81%e8%bf%9b%e5%a4%a7%e5%8e%82/MybatisRetuktType/target/classes/com/zyz/mapper/DeptMapper.class
DEBUG [main] - Not a JAR: file:/C:/Users/Yongzhi/Desktop/Project/%e6%88%91%e8%a6%81%e8%bf%9b%e5%a4%a7%e5%8e%82/MybatisRetuktType/target/classes/com/zyz/mapper/DeptMapper.class
DEBUG [main] - Reader entry: ����&amp;#0;&amp;#0;&amp;#0;4&amp;#0;&amp;#7;&amp;#7;&amp;#0;&amp;#5;&amp;#7;&amp;#0;&amp;#6;&amp;#1;&amp;#0;
DEBUG [main] - Find JAR URL: file:/C:/Users/Yongzhi/Desktop/Project/%e6%88%91%e8%a6%81%e8%bf%9b%e5%a4%a7%e5%8e%82/MybatisRetuktType/target/classes/com/zyz/mapper/EmpDeptMapper.class
DEBUG [main] - Not a JAR: file:/C:/Users/Yongzhi/Desktop/Project/%e6%88%91%e8%a6%81%e8%bf%9b%e5%a4%a7%e5%8e%82/MybatisRetuktType/target/classes/com/zyz/mapper/EmpDeptMapper.class
DEBUG [main] - Reader entry: ����&amp;#0;&amp;#0;&amp;#0;4&amp;#0;&amp;#14;&amp;#7;&amp;#0;&amp;#11;&amp;#7;&amp;#0;&amp;#12;&amp;#1;&amp;#0;	selectAll&amp;#1;&amp;#0;&amp;#18;()Ljava/util/List;&amp;#1;&amp;#0;
DEBUG [main] - Find JAR URL: file:/C:/Users/Yongzhi/Desktop/Project/%e6%88%91%e8%a6%81%e8%bf%9b%e5%a4%a7%e5%8e%82/MybatisRetuktType/target/classes/com/zyz/mapper/EmpMapper.class
DEBUG [main] - Not a JAR: file:/C:/Users/Yongzhi/Desktop/Project/%e6%88%91%e8%a6%81%e8%bf%9b%e5%a4%a7%e5%8e%82/MybatisRetuktType/target/classes/com/zyz/mapper/EmpMapper.class
DEBUG [main] - Reader entry: ����&amp;#0;&amp;#0;&amp;#0;4&amp;#0;&amp;#14;&amp;#7;&amp;#0;&amp;#11;&amp;#7;&amp;#0;&amp;#12;&amp;#1;&amp;#0;&amp;#12;selectAllEmp&amp;#1;&amp;#0;&amp;#18;()Ljava/util/List;&amp;#1;&amp;#0;
DEBUG [main] - Find JAR URL: file:/C:/Users/Yongzhi/Desktop/Project/%e6%88%91%e8%a6%81%e8%bf%9b%e5%a4%a7%e5%8e%82/MybatisRetuktType/target/classes/com/zyz/mapper/ItemsMapper.class
DEBUG [main] - Not a JAR: file:/C:/Users/Yongzhi/Desktop/Project/%e6%88%91%e8%a6%81%e8%bf%9b%e5%a4%a7%e5%8e%82/MybatisRetuktType/target/classes/com/zyz/mapper/ItemsMapper.class
DEBUG [main] - Reader entry: ����&amp;#0;&amp;#0;&amp;#0;4&amp;#0;&amp;#7;&amp;#7;&amp;#0;&amp;#5;&amp;#7;&amp;#0;&amp;#6;&amp;#1;&amp;#0;
DEBUG [main] - Find JAR URL: file:/C:/Users/Yongzhi/Desktop/Project/%e6%88%91%e8%a6%81%e8%bf%9b%e5%a4%a7%e5%8e%82/MybatisRetuktType/target/classes/com/zyz/mapper/OrderdetailMapper.class
DEBUG [main] - Not a JAR: file:/C:/Users/Yongzhi/Desktop/Project/%e6%88%91%e8%a6%81%e8%bf%9b%e5%a4%a7%e5%8e%82/MybatisRetuktType/target/classes/com/zyz/mapper/OrderdetailMapper.class
DEBUG [main] - Reader entry: ����&amp;#0;&amp;#0;&amp;#0;4&amp;#0;&amp;#7;&amp;#7;&amp;#0;&amp;#5;&amp;#7;&amp;#0;&amp;#6;&amp;#1;&amp;#0;
DEBUG [main] - Find JAR URL: file:/C:/Users/Yongzhi/Desktop/Project/%e6%88%91%e8%a6%81%e8%bf%9b%e5%a4%a7%e5%8e%82/MybatisRetuktType/target/classes/com/zyz/mapper/OrdersMapper.class
DEBUG [main] - Not a JAR: file:/C:/Users/Yongzhi/Desktop/Project/%e6%88%91%e8%a6%81%e8%bf%9b%e5%a4%a7%e5%8e%82/MybatisRetuktType/target/classes/com/zyz/mapper/OrdersMapper.class
DEBUG [main] - Reader entry: ����&amp;#0;&amp;#0;&amp;#0;4&amp;#0;&amp;#7;&amp;#7;&amp;#0;&amp;#5;&amp;#7;&amp;#0;&amp;#6;&amp;#1;&amp;#0;
DEBUG [main] - Find JAR URL: file:/C:/Users/Yongzhi/Desktop/Project/%e6%88%91%e8%a6%81%e8%bf%9b%e5%a4%a7%e5%8e%82/MybatisRetuktType/target/classes/com/zyz/mapper/UsersMapper.class
DEBUG [main] - Not a JAR: file:/C:/Users/Yongzhi/Desktop/Project/%e6%88%91%e8%a6%81%e8%bf%9b%e5%a4%a7%e5%8e%82/MybatisRetuktType/target/classes/com/zyz/mapper/UsersMapper.class
DEBUG [main] - Reader entry: ����&amp;#0;&amp;#0;&amp;#0;4&amp;#0;&amp;#12;&amp;#7;&amp;#0;	&amp;#7;&amp;#0;
DEBUG [main] - Checking to see if class com.zyz.mapper.DeptMapper matches criteria [is assignable to Object]
DEBUG [main] - Checking to see if class com.zyz.mapper.EmpDeptMapper matches criteria [is assignable to Object]
DEBUG [main] - Checking to see if class com.zyz.mapper.EmpMapper matches criteria [is assignable to Object]
DEBUG [main] - Checking to see if class com.zyz.mapper.ItemsMapper matches criteria [is assignable to Object]
DEBUG [main] - Checking to see if class com.zyz.mapper.OrderdetailMapper matches criteria [is assignable to Object]
DEBUG [main] - Checking to see if class com.zyz.mapper.OrdersMapper matches criteria [is assignable to Object]
DEBUG [main] - Checking to see if class com.zyz.mapper.UsersMapper matches criteria [is assignable to Object]
</system-out>
  </testcase>
  <testcase classname="com.zyz.test.MyBatisTest" name="Test02" time="0.033">
    <error message="Invalid bound statement (not found): com.zyz.mapper.EmpMapper.selectAllEmp" type="org.apache.ibatis.binding.BindingException">org.apache.ibatis.binding.BindingException: Invalid bound statement (not found): com.zyz.mapper.EmpMapper.selectAllEmp
	at org.apache.ibatis.binding.MapperMethod$SqlCommand.&lt;init&gt;(MapperMethod.java:235)
	at org.apache.ibatis.binding.MapperMethod.&lt;init&gt;(MapperMethod.java:53)
	at org.apache.ibatis.binding.MapperProxy.lambda$cachedMapperMethod$0(MapperProxy.java:98)
	at java.util.concurrent.ConcurrentHashMap.computeIfAbsent(ConcurrentHashMap.java:1660)
	at org.apache.ibatis.binding.MapperProxy.cachedMapperMethod(MapperProxy.java:97)
	at org.apache.ibatis.binding.MapperProxy.invoke(MapperProxy.java:92)
	at com.sun.proxy.$Proxy6.selectAllEmp(Unknown Source)
	at com.zyz.test.MyBatisTest.Test02(MyBatisTest.java:45)
	at sun.reflect.NativeMethodAccessorImpl.invoke0(Native Method)
	at sun.reflect.NativeMethodAccessorImpl.invoke(NativeMethodAccessorImpl.java:62)
	at sun.reflect.DelegatingMethodAccessorImpl.invoke(DelegatingMethodAccessorImpl.java:43)
	at java.lang.reflect.Method.invoke(Method.java:498)
	at org.junit.runners.model.FrameworkMethod$1.runReflectiveCall(FrameworkMethod.java:50)
	at org.junit.internal.runners.model.ReflectiveCallable.run(ReflectiveCallable.java:12)
	at org.junit.runners.model.FrameworkMethod.invokeExplosively(FrameworkMethod.java:47)
	at org.junit.internal.runners.statements.InvokeMethod.evaluate(InvokeMethod.java:17)
	at org.junit.internal.runners.statements.RunBefores.evaluate(RunBefores.java:26)
	at org.junit.runners.ParentRunner.runLeaf(ParentRunner.java:325)
	at org.junit.runners.BlockJUnit4ClassRunner.runChild(BlockJUnit4ClassRunner.java:78)
	at org.junit.runners.BlockJUnit4ClassRunner.runChild(BlockJUnit4ClassRunner.java:57)
	at org.junit.runners.ParentRunner$3.run(ParentRunner.java:290)
	at org.junit.runners.ParentRunner$1.schedule(ParentRunner.java:71)
	at org.junit.runners.ParentRunner.runChildren(ParentRunner.java:288)
	at org.junit.runners.ParentRunner.access$000(ParentRunner.java:58)
	at org.junit.runners.ParentRunner$2.evaluate(ParentRunner.java:268)
	at org.junit.runners.ParentRunner.run(ParentRunner.java:363)
	at org.apache.maven.surefire.junit4.JUnit4Provider.execute(JUnit4Provider.java:252)
	at org.apache.maven.surefire.junit4.JUnit4Provider.executeTestSet(JUnit4Provider.java:141)
	at org.apache.maven.surefire.junit4.JUnit4Provider.invoke(JUnit4Provider.java:112)
	at sun.reflect.NativeMethodAccessorImpl.invoke0(Native Method)
	at sun.reflect.NativeMethodAccessorImpl.invoke(NativeMethodAccessorImpl.java:62)
	at sun.reflect.DelegatingMethodAccessorImpl.invoke(DelegatingMethodAccessorImpl.java:43)
	at java.lang.reflect.Method.invoke(Method.java:498)
	at org.apache.maven.surefire.util.ReflectionUtils.invokeMethodWithArray(ReflectionUtils.java:189)
	at org.apache.maven.surefire.booter.ProviderFactory$ProviderProxy.invoke(ProviderFactory.java:165)
	at org.apache.maven.surefire.booter.ProviderFactory.invokeProvider(ProviderFactory.java:85)
	at org.apache.maven.surefire.booter.ForkedBooter.runSuitesInProcess(ForkedBooter.java:115)
	at org.apache.maven.surefire.booter.ForkedBooter.main(ForkedBooter.java:75)
</error>
    <system-out>DEBUG [main] - Find JAR URL: file:/C:/Users/Yongzhi/Desktop/Project/%e6%88%91%e8%a6%81%e8%bf%9b%e5%a4%a7%e5%8e%82/MybatisRetuktType/target/classes/com/zyz/pojo
DEBUG [main] - Not a JAR: file:/C:/Users/Yongzhi/Desktop/Project/%e6%88%91%e8%a6%81%e8%bf%9b%e5%a4%a7%e5%8e%82/MybatisRetuktType/target/classes/com/zyz/pojo
DEBUG [main] - Reader entry: Dept.class
DEBUG [main] - Reader entry: Emp.class
DEBUG [main] - Reader entry: EmpDept.class
DEBUG [main] - Reader entry: Items.class
DEBUG [main] - Reader entry: Orderdetail.class
DEBUG [main] - Reader entry: Orders.class
DEBUG [main] - Reader entry: Users.class
DEBUG [main] - Listing file:/C:/Users/Yongzhi/Desktop/Project/%e6%88%91%e8%a6%81%e8%bf%9b%e5%a4%a7%e5%8e%82/MybatisRetuktType/target/classes/com/zyz/pojo
DEBUG [main] - Find JAR URL: file:/C:/Users/Yongzhi/Desktop/Project/%e6%88%91%e8%a6%81%e8%bf%9b%e5%a4%a7%e5%8e%82/MybatisRetuktType/target/classes/com/zyz/pojo/Dept.class
DEBUG [main] - Not a JAR: file:/C:/Users/Yongzhi/Desktop/Project/%e6%88%91%e8%a6%81%e8%bf%9b%e5%a4%a7%e5%8e%82/MybatisRetuktType/target/classes/com/zyz/pojo/Dept.class
DEBUG [main] - Reader entry: ����&amp;#0;&amp;#0;&amp;#0;4&amp;#0;-
DEBUG [main] - Find JAR URL: file:/C:/Users/Yongzhi/Desktop/Project/%e6%88%91%e8%a6%81%e8%bf%9b%e5%a4%a7%e5%8e%82/MybatisRetuktType/target/classes/com/zyz/pojo/Emp.class
DEBUG [main] - Not a JAR: file:/C:/Users/Yongzhi/Desktop/Project/%e6%88%91%e8%a6%81%e8%bf%9b%e5%a4%a7%e5%8e%82/MybatisRetuktType/target/classes/com/zyz/pojo/Emp.class
DEBUG [main] - Reader entry: ����&amp;#0;&amp;#0;&amp;#0;4&amp;#0;O
DEBUG [main] - Find JAR URL: file:/C:/Users/Yongzhi/Desktop/Project/%e6%88%91%e8%a6%81%e8%bf%9b%e5%a4%a7%e5%8e%82/MybatisRetuktType/target/classes/com/zyz/pojo/EmpDept.class
DEBUG [main] - Not a JAR: file:/C:/Users/Yongzhi/Desktop/Project/%e6%88%91%e8%a6%81%e8%bf%9b%e5%a4%a7%e5%8e%82/MybatisRetuktType/target/classes/com/zyz/pojo/EmpDept.class
DEBUG [main] - Reader entry: ����&amp;#0;&amp;#0;&amp;#0;4&amp;#0;s
DEBUG [main] - Find JAR URL: file:/C:/Users/Yongzhi/Desktop/Project/%e6%88%91%e8%a6%81%e8%bf%9b%e5%a4%a7%e5%8e%82/MybatisRetuktType/target/classes/com/zyz/pojo/Items.class
DEBUG [main] - Not a JAR: file:/C:/Users/Yongzhi/Desktop/Project/%e6%88%91%e8%a6%81%e8%bf%9b%e5%a4%a7%e5%8e%82/MybatisRetuktType/target/classes/com/zyz/pojo/Items.class
DEBUG [main] - Reader entry: ����&amp;#0;&amp;#0;&amp;#0;4&amp;#0;5
DEBUG [main] - Find JAR URL: file:/C:/Users/Yongzhi/Desktop/Project/%e6%88%91%e8%a6%81%e8%bf%9b%e5%a4%a7%e5%8e%82/MybatisRetuktType/target/classes/com/zyz/pojo/Orderdetail.class
DEBUG [main] - Not a JAR: file:/C:/Users/Yongzhi/Desktop/Project/%e6%88%91%e8%a6%81%e8%bf%9b%e5%a4%a7%e5%8e%82/MybatisRetuktType/target/classes/com/zyz/pojo/Orderdetail.class
DEBUG [main] - Reader entry: ����&amp;#0;&amp;#0;&amp;#0;4&amp;#0;5
DEBUG [main] - Find JAR URL: file:/C:/Users/Yongzhi/Desktop/Project/%e6%88%91%e8%a6%81%e8%bf%9b%e5%a4%a7%e5%8e%82/MybatisRetuktType/target/classes/com/zyz/pojo/Orders.class
DEBUG [main] - Not a JAR: file:/C:/Users/Yongzhi/Desktop/Project/%e6%88%91%e8%a6%81%e8%bf%9b%e5%a4%a7%e5%8e%82/MybatisRetuktType/target/classes/com/zyz/pojo/Orders.class
DEBUG [main] - Reader entry: ����&amp;#0;&amp;#0;&amp;#0;4&amp;#0;G
DEBUG [main] - Find JAR URL: file:/C:/Users/Yongzhi/Desktop/Project/%e6%88%91%e8%a6%81%e8%bf%9b%e5%a4%a7%e5%8e%82/MybatisRetuktType/target/classes/com/zyz/pojo/Users.class
DEBUG [main] - Not a JAR: file:/C:/Users/Yongzhi/Desktop/Project/%e6%88%91%e8%a6%81%e8%bf%9b%e5%a4%a7%e5%8e%82/MybatisRetuktType/target/classes/com/zyz/pojo/Users.class
DEBUG [main] - Reader entry: ����&amp;#0;&amp;#0;&amp;#0;4&amp;#0;]
DEBUG [main] - Checking to see if class com.zyz.pojo.Dept matches criteria [is assignable to Object]
DEBUG [main] - Checking to see if class com.zyz.pojo.Emp matches criteria [is assignable to Object]
DEBUG [main] - Checking to see if class com.zyz.pojo.EmpDept matches criteria [is assignable to Object]
DEBUG [main] - Checking to see if class com.zyz.pojo.Items matches criteria [is assignable to Object]
DEBUG [main] - Checking to see if class com.zyz.pojo.Orderdetail matches criteria [is assignable to Object]
DEBUG [main] - Checking to see if class com.zyz.pojo.Orders matches criteria [is assignable to Object]
DEBUG [main] - Checking to see if class com.zyz.pojo.Users matches criteria [is assignable to Object]
DEBUG [main] - PooledDataSource forcefully closed/removed all connections.
DEBUG [main] - PooledDataSource forcefully closed/removed all connections.
DEBUG [main] - PooledDataSource forcefully closed/removed all connections.
DEBUG [main] - PooledDataSource forcefully closed/removed all connections.
DEBUG [main] - Find JAR URL: file:/C:/Users/Yongzhi/Desktop/Project/%e6%88%91%e8%a6%81%e8%bf%9b%e5%a4%a7%e5%8e%82/MybatisRetuktType/target/classes/com/zyz/mapper
DEBUG [main] - Not a JAR: file:/C:/Users/Yongzhi/Desktop/Project/%e6%88%91%e8%a6%81%e8%bf%9b%e5%a4%a7%e5%8e%82/MybatisRetuktType/target/classes/com/zyz/mapper
DEBUG [main] - Reader entry: DeptMapper.class
DEBUG [main] - Reader entry: EmpDeptMapper.class
DEBUG [main] - Reader entry: EmpMapper.class
DEBUG [main] - Reader entry: ItemsMapper.class
DEBUG [main] - Reader entry: OrderdetailMapper.class
DEBUG [main] - Reader entry: OrdersMapper.class
DEBUG [main] - Reader entry: UsersMapper.class
DEBUG [main] - Listing file:/C:/Users/Yongzhi/Desktop/Project/%e6%88%91%e8%a6%81%e8%bf%9b%e5%a4%a7%e5%8e%82/MybatisRetuktType/target/classes/com/zyz/mapper
DEBUG [main] - Find JAR URL: file:/C:/Users/Yongzhi/Desktop/Project/%e6%88%91%e8%a6%81%e8%bf%9b%e5%a4%a7%e5%8e%82/MybatisRetuktType/target/classes/com/zyz/mapper/DeptMapper.class
DEBUG [main] - Not a JAR: file:/C:/Users/Yongzhi/Desktop/Project/%e6%88%91%e8%a6%81%e8%bf%9b%e5%a4%a7%e5%8e%82/MybatisRetuktType/target/classes/com/zyz/mapper/DeptMapper.class
DEBUG [main] - Reader entry: ����&amp;#0;&amp;#0;&amp;#0;4&amp;#0;&amp;#7;&amp;#7;&amp;#0;&amp;#5;&amp;#7;&amp;#0;&amp;#6;&amp;#1;&amp;#0;
DEBUG [main] - Find JAR URL: file:/C:/Users/Yongzhi/Desktop/Project/%e6%88%91%e8%a6%81%e8%bf%9b%e5%a4%a7%e5%8e%82/MybatisRetuktType/target/classes/com/zyz/mapper/EmpDeptMapper.class
DEBUG [main] - Not a JAR: file:/C:/Users/Yongzhi/Desktop/Project/%e6%88%91%e8%a6%81%e8%bf%9b%e5%a4%a7%e5%8e%82/MybatisRetuktType/target/classes/com/zyz/mapper/EmpDeptMapper.class
DEBUG [main] - Reader entry: ����&amp;#0;&amp;#0;&amp;#0;4&amp;#0;&amp;#14;&amp;#7;&amp;#0;&amp;#11;&amp;#7;&amp;#0;&amp;#12;&amp;#1;&amp;#0;	selectAll&amp;#1;&amp;#0;&amp;#18;()Ljava/util/List;&amp;#1;&amp;#0;
DEBUG [main] - Find JAR URL: file:/C:/Users/Yongzhi/Desktop/Project/%e6%88%91%e8%a6%81%e8%bf%9b%e5%a4%a7%e5%8e%82/MybatisRetuktType/target/classes/com/zyz/mapper/EmpMapper.class
DEBUG [main] - Not a JAR: file:/C:/Users/Yongzhi/Desktop/Project/%e6%88%91%e8%a6%81%e8%bf%9b%e5%a4%a7%e5%8e%82/MybatisRetuktType/target/classes/com/zyz/mapper/EmpMapper.class
DEBUG [main] - Reader entry: ����&amp;#0;&amp;#0;&amp;#0;4&amp;#0;&amp;#14;&amp;#7;&amp;#0;&amp;#11;&amp;#7;&amp;#0;&amp;#12;&amp;#1;&amp;#0;&amp;#12;selectAllEmp&amp;#1;&amp;#0;&amp;#18;()Ljava/util/List;&amp;#1;&amp;#0;
DEBUG [main] - Find JAR URL: file:/C:/Users/Yongzhi/Desktop/Project/%e6%88%91%e8%a6%81%e8%bf%9b%e5%a4%a7%e5%8e%82/MybatisRetuktType/target/classes/com/zyz/mapper/ItemsMapper.class
DEBUG [main] - Not a JAR: file:/C:/Users/Yongzhi/Desktop/Project/%e6%88%91%e8%a6%81%e8%bf%9b%e5%a4%a7%e5%8e%82/MybatisRetuktType/target/classes/com/zyz/mapper/ItemsMapper.class
DEBUG [main] - Reader entry: ����&amp;#0;&amp;#0;&amp;#0;4&amp;#0;&amp;#7;&amp;#7;&amp;#0;&amp;#5;&amp;#7;&amp;#0;&amp;#6;&amp;#1;&amp;#0;
DEBUG [main] - Find JAR URL: file:/C:/Users/Yongzhi/Desktop/Project/%e6%88%91%e8%a6%81%e8%bf%9b%e5%a4%a7%e5%8e%82/MybatisRetuktType/target/classes/com/zyz/mapper/OrderdetailMapper.class
DEBUG [main] - Not a JAR: file:/C:/Users/Yongzhi/Desktop/Project/%e6%88%91%e8%a6%81%e8%bf%9b%e5%a4%a7%e5%8e%82/MybatisRetuktType/target/classes/com/zyz/mapper/OrderdetailMapper.class
DEBUG [main] - Reader entry: ����&amp;#0;&amp;#0;&amp;#0;4&amp;#0;&amp;#7;&amp;#7;&amp;#0;&amp;#5;&amp;#7;&amp;#0;&amp;#6;&amp;#1;&amp;#0;
DEBUG [main] - Find JAR URL: file:/C:/Users/Yongzhi/Desktop/Project/%e6%88%91%e8%a6%81%e8%bf%9b%e5%a4%a7%e5%8e%82/MybatisRetuktType/target/classes/com/zyz/mapper/OrdersMapper.class
DEBUG [main] - Not a JAR: file:/C:/Users/Yongzhi/Desktop/Project/%e6%88%91%e8%a6%81%e8%bf%9b%e5%a4%a7%e5%8e%82/MybatisRetuktType/target/classes/com/zyz/mapper/OrdersMapper.class
DEBUG [main] - Reader entry: ����&amp;#0;&amp;#0;&amp;#0;4&amp;#0;&amp;#7;&amp;#7;&amp;#0;&amp;#5;&amp;#7;&amp;#0;&amp;#6;&amp;#1;&amp;#0;
DEBUG [main] - Find JAR URL: file:/C:/Users/Yongzhi/Desktop/Project/%e6%88%91%e8%a6%81%e8%bf%9b%e5%a4%a7%e5%8e%82/MybatisRetuktType/target/classes/com/zyz/mapper/UsersMapper.class
DEBUG [main] - Not a JAR: file:/C:/Users/Yongzhi/Desktop/Project/%e6%88%91%e8%a6%81%e8%bf%9b%e5%a4%a7%e5%8e%82/MybatisRetuktType/target/classes/com/zyz/mapper/UsersMapper.class
DEBUG [main] - Reader entry: ����&amp;#0;&amp;#0;&amp;#0;4&amp;#0;&amp;#12;&amp;#7;&amp;#0;	&amp;#7;&amp;#0;
DEBUG [main] - Checking to see if class com.zyz.mapper.DeptMapper matches criteria [is assignable to Object]
DEBUG [main] - Checking to see if class com.zyz.mapper.EmpDeptMapper matches criteria [is assignable to Object]
DEBUG [main] - Checking to see if class com.zyz.mapper.EmpMapper matches criteria [is assignable to Object]
DEBUG [main] - Checking to see if class com.zyz.mapper.ItemsMapper matches criteria [is assignable to Object]
DEBUG [main] - Checking to see if class com.zyz.mapper.OrderdetailMapper matches criteria [is assignable to Object]
DEBUG [main] - Checking to see if class com.zyz.mapper.OrdersMapper matches criteria [is assignable to Object]
DEBUG [main] - Checking to see if class com.zyz.mapper.UsersMapper matches criteria [is assignable to Object]
</system-out>
  </testcase>
  <testcase classname="com.zyz.test.MyBatisTest" name="Test03" time="0.038">
    <error message="Invalid bound statement (not found): com.zyz.mapper.UsersMapper.selectAll" type="org.apache.ibatis.binding.BindingException">org.apache.ibatis.binding.BindingException: Invalid bound statement (not found): com.zyz.mapper.UsersMapper.selectAll
	at org.apache.ibatis.binding.MapperMethod$SqlCommand.&lt;init&gt;(MapperMethod.java:235)
	at org.apache.ibatis.binding.MapperMethod.&lt;init&gt;(MapperMethod.java:53)
	at org.apache.ibatis.binding.MapperProxy.lambda$cachedMapperMethod$0(MapperProxy.java:98)
	at java.util.concurrent.ConcurrentHashMap.computeIfAbsent(ConcurrentHashMap.java:1660)
	at org.apache.ibatis.binding.MapperProxy.cachedMapperMethod(MapperProxy.java:97)
	at org.apache.ibatis.binding.MapperProxy.invoke(MapperProxy.java:92)
	at com.sun.proxy.$Proxy7.selectAll(Unknown Source)
	at com.zyz.test.MyBatisTest.Test03(MyBatisTest.java:57)
	at sun.reflect.NativeMethodAccessorImpl.invoke0(Native Method)
	at sun.reflect.NativeMethodAccessorImpl.invoke(NativeMethodAccessorImpl.java:62)
	at sun.reflect.DelegatingMethodAccessorImpl.invoke(DelegatingMethodAccessorImpl.java:43)
	at java.lang.reflect.Method.invoke(Method.java:498)
	at org.junit.runners.model.FrameworkMethod$1.runReflectiveCall(FrameworkMethod.java:50)
	at org.junit.internal.runners.model.ReflectiveCallable.run(ReflectiveCallable.java:12)
	at org.junit.runners.model.FrameworkMethod.invokeExplosively(FrameworkMethod.java:47)
	at org.junit.internal.runners.statements.InvokeMethod.evaluate(InvokeMethod.java:17)
	at org.junit.internal.runners.statements.RunBefores.evaluate(RunBefores.java:26)
	at org.junit.runners.ParentRunner.runLeaf(ParentRunner.java:325)
	at org.junit.runners.BlockJUnit4ClassRunner.runChild(BlockJUnit4ClassRunner.java:78)
	at org.junit.runners.BlockJUnit4ClassRunner.runChild(BlockJUnit4ClassRunner.java:57)
	at org.junit.runners.ParentRunner$3.run(ParentRunner.java:290)
	at org.junit.runners.ParentRunner$1.schedule(ParentRunner.java:71)
	at org.junit.runners.ParentRunner.runChildren(ParentRunner.java:288)
	at org.junit.runners.ParentRunner.access$000(ParentRunner.java:58)
	at org.junit.runners.ParentRunner$2.evaluate(ParentRunner.java:268)
	at org.junit.runners.ParentRunner.run(ParentRunner.java:363)
	at org.apache.maven.surefire.junit4.JUnit4Provider.execute(JUnit4Provider.java:252)
	at org.apache.maven.surefire.junit4.JUnit4Provider.executeTestSet(JUnit4Provider.java:141)
	at org.apache.maven.surefire.junit4.JUnit4Provider.invoke(JUnit4Provider.java:112)
	at sun.reflect.NativeMethodAccessorImpl.invoke0(Native Method)
	at sun.reflect.NativeMethodAccessorImpl.invoke(NativeMethodAccessorImpl.java:62)
	at sun.reflect.DelegatingMethodAccessorImpl.invoke(DelegatingMethodAccessorImpl.java:43)
	at java.lang.reflect.Method.invoke(Method.java:498)
	at org.apache.maven.surefire.util.ReflectionUtils.invokeMethodWithArray(ReflectionUtils.java:189)
	at org.apache.maven.surefire.booter.ProviderFactory$ProviderProxy.invoke(ProviderFactory.java:165)
	at org.apache.maven.surefire.booter.ProviderFactory.invokeProvider(ProviderFactory.java:85)
	at org.apache.maven.surefire.booter.ForkedBooter.runSuitesInProcess(ForkedBooter.java:115)
	at org.apache.maven.surefire.booter.ForkedBooter.main(ForkedBooter.java:75)
</error>
    <system-out>DEBUG [main] - Find JAR URL: file:/C:/Users/Yongzhi/Desktop/Project/%e6%88%91%e8%a6%81%e8%bf%9b%e5%a4%a7%e5%8e%82/MybatisRetuktType/target/classes/com/zyz/pojo
DEBUG [main] - Not a JAR: file:/C:/Users/Yongzhi/Desktop/Project/%e6%88%91%e8%a6%81%e8%bf%9b%e5%a4%a7%e5%8e%82/MybatisRetuktType/target/classes/com/zyz/pojo
DEBUG [main] - Reader entry: Dept.class
DEBUG [main] - Reader entry: Emp.class
DEBUG [main] - Reader entry: EmpDept.class
DEBUG [main] - Reader entry: Items.class
DEBUG [main] - Reader entry: Orderdetail.class
DEBUG [main] - Reader entry: Orders.class
DEBUG [main] - Reader entry: Users.class
DEBUG [main] - Listing file:/C:/Users/Yongzhi/Desktop/Project/%e6%88%91%e8%a6%81%e8%bf%9b%e5%a4%a7%e5%8e%82/MybatisRetuktType/target/classes/com/zyz/pojo
DEBUG [main] - Find JAR URL: file:/C:/Users/Yongzhi/Desktop/Project/%e6%88%91%e8%a6%81%e8%bf%9b%e5%a4%a7%e5%8e%82/MybatisRetuktType/target/classes/com/zyz/pojo/Dept.class
DEBUG [main] - Not a JAR: file:/C:/Users/Yongzhi/Desktop/Project/%e6%88%91%e8%a6%81%e8%bf%9b%e5%a4%a7%e5%8e%82/MybatisRetuktType/target/classes/com/zyz/pojo/Dept.class
DEBUG [main] - Reader entry: ����&amp;#0;&amp;#0;&amp;#0;4&amp;#0;-
DEBUG [main] - Find JAR URL: file:/C:/Users/Yongzhi/Desktop/Project/%e6%88%91%e8%a6%81%e8%bf%9b%e5%a4%a7%e5%8e%82/MybatisRetuktType/target/classes/com/zyz/pojo/Emp.class
DEBUG [main] - Not a JAR: file:/C:/Users/Yongzhi/Desktop/Project/%e6%88%91%e8%a6%81%e8%bf%9b%e5%a4%a7%e5%8e%82/MybatisRetuktType/target/classes/com/zyz/pojo/Emp.class
DEBUG [main] - Reader entry: ����&amp;#0;&amp;#0;&amp;#0;4&amp;#0;O
DEBUG [main] - Find JAR URL: file:/C:/Users/Yongzhi/Desktop/Project/%e6%88%91%e8%a6%81%e8%bf%9b%e5%a4%a7%e5%8e%82/MybatisRetuktType/target/classes/com/zyz/pojo/EmpDept.class
DEBUG [main] - Not a JAR: file:/C:/Users/Yongzhi/Desktop/Project/%e6%88%91%e8%a6%81%e8%bf%9b%e5%a4%a7%e5%8e%82/MybatisRetuktType/target/classes/com/zyz/pojo/EmpDept.class
DEBUG [main] - Reader entry: ����&amp;#0;&amp;#0;&amp;#0;4&amp;#0;s
DEBUG [main] - Find JAR URL: file:/C:/Users/Yongzhi/Desktop/Project/%e6%88%91%e8%a6%81%e8%bf%9b%e5%a4%a7%e5%8e%82/MybatisRetuktType/target/classes/com/zyz/pojo/Items.class
DEBUG [main] - Not a JAR: file:/C:/Users/Yongzhi/Desktop/Project/%e6%88%91%e8%a6%81%e8%bf%9b%e5%a4%a7%e5%8e%82/MybatisRetuktType/target/classes/com/zyz/pojo/Items.class
DEBUG [main] - Reader entry: ����&amp;#0;&amp;#0;&amp;#0;4&amp;#0;5
DEBUG [main] - Find JAR URL: file:/C:/Users/Yongzhi/Desktop/Project/%e6%88%91%e8%a6%81%e8%bf%9b%e5%a4%a7%e5%8e%82/MybatisRetuktType/target/classes/com/zyz/pojo/Orderdetail.class
DEBUG [main] - Not a JAR: file:/C:/Users/Yongzhi/Desktop/Project/%e6%88%91%e8%a6%81%e8%bf%9b%e5%a4%a7%e5%8e%82/MybatisRetuktType/target/classes/com/zyz/pojo/Orderdetail.class
DEBUG [main] - Reader entry: ����&amp;#0;&amp;#0;&amp;#0;4&amp;#0;5
DEBUG [main] - Find JAR URL: file:/C:/Users/Yongzhi/Desktop/Project/%e6%88%91%e8%a6%81%e8%bf%9b%e5%a4%a7%e5%8e%82/MybatisRetuktType/target/classes/com/zyz/pojo/Orders.class
DEBUG [main] - Not a JAR: file:/C:/Users/Yongzhi/Desktop/Project/%e6%88%91%e8%a6%81%e8%bf%9b%e5%a4%a7%e5%8e%82/MybatisRetuktType/target/classes/com/zyz/pojo/Orders.class
DEBUG [main] - Reader entry: ����&amp;#0;&amp;#0;&amp;#0;4&amp;#0;G
DEBUG [main] - Find JAR URL: file:/C:/Users/Yongzhi/Desktop/Project/%e6%88%91%e8%a6%81%e8%bf%9b%e5%a4%a7%e5%8e%82/MybatisRetuktType/target/classes/com/zyz/pojo/Users.class
DEBUG [main] - Not a JAR: file:/C:/Users/Yongzhi/Desktop/Project/%e6%88%91%e8%a6%81%e8%bf%9b%e5%a4%a7%e5%8e%82/MybatisRetuktType/target/classes/com/zyz/pojo/Users.class
DEBUG [main] - Reader entry: ����&amp;#0;&amp;#0;&amp;#0;4&amp;#0;]
DEBUG [main] - Checking to see if class com.zyz.pojo.Dept matches criteria [is assignable to Object]
DEBUG [main] - Checking to see if class com.zyz.pojo.Emp matches criteria [is assignable to Object]
DEBUG [main] - Checking to see if class com.zyz.pojo.EmpDept matches criteria [is assignable to Object]
DEBUG [main] - Checking to see if class com.zyz.pojo.Items matches criteria [is assignable to Object]
DEBUG [main] - Checking to see if class com.zyz.pojo.Orderdetail matches criteria [is assignable to Object]
DEBUG [main] - Checking to see if class com.zyz.pojo.Orders matches criteria [is assignable to Object]
DEBUG [main] - Checking to see if class com.zyz.pojo.Users matches criteria [is assignable to Object]
DEBUG [main] - PooledDataSource forcefully closed/removed all connections.
DEBUG [main] - PooledDataSource forcefully closed/removed all connections.
DEBUG [main] - PooledDataSource forcefully closed/removed all connections.
DEBUG [main] - PooledDataSource forcefully closed/removed all connections.
DEBUG [main] - Find JAR URL: file:/C:/Users/Yongzhi/Desktop/Project/%e6%88%91%e8%a6%81%e8%bf%9b%e5%a4%a7%e5%8e%82/MybatisRetuktType/target/classes/com/zyz/mapper
DEBUG [main] - Not a JAR: file:/C:/Users/Yongzhi/Desktop/Project/%e6%88%91%e8%a6%81%e8%bf%9b%e5%a4%a7%e5%8e%82/MybatisRetuktType/target/classes/com/zyz/mapper
DEBUG [main] - Reader entry: DeptMapper.class
DEBUG [main] - Reader entry: EmpDeptMapper.class
DEBUG [main] - Reader entry: EmpMapper.class
DEBUG [main] - Reader entry: ItemsMapper.class
DEBUG [main] - Reader entry: OrderdetailMapper.class
DEBUG [main] - Reader entry: OrdersMapper.class
DEBUG [main] - Reader entry: UsersMapper.class
DEBUG [main] - Listing file:/C:/Users/Yongzhi/Desktop/Project/%e6%88%91%e8%a6%81%e8%bf%9b%e5%a4%a7%e5%8e%82/MybatisRetuktType/target/classes/com/zyz/mapper
DEBUG [main] - Find JAR URL: file:/C:/Users/Yongzhi/Desktop/Project/%e6%88%91%e8%a6%81%e8%bf%9b%e5%a4%a7%e5%8e%82/MybatisRetuktType/target/classes/com/zyz/mapper/DeptMapper.class
DEBUG [main] - Not a JAR: file:/C:/Users/Yongzhi/Desktop/Project/%e6%88%91%e8%a6%81%e8%bf%9b%e5%a4%a7%e5%8e%82/MybatisRetuktType/target/classes/com/zyz/mapper/DeptMapper.class
DEBUG [main] - Reader entry: ����&amp;#0;&amp;#0;&amp;#0;4&amp;#0;&amp;#7;&amp;#7;&amp;#0;&amp;#5;&amp;#7;&amp;#0;&amp;#6;&amp;#1;&amp;#0;
DEBUG [main] - Find JAR URL: file:/C:/Users/Yongzhi/Desktop/Project/%e6%88%91%e8%a6%81%e8%bf%9b%e5%a4%a7%e5%8e%82/MybatisRetuktType/target/classes/com/zyz/mapper/EmpDeptMapper.class
DEBUG [main] - Not a JAR: file:/C:/Users/Yongzhi/Desktop/Project/%e6%88%91%e8%a6%81%e8%bf%9b%e5%a4%a7%e5%8e%82/MybatisRetuktType/target/classes/com/zyz/mapper/EmpDeptMapper.class
DEBUG [main] - Reader entry: ����&amp;#0;&amp;#0;&amp;#0;4&amp;#0;&amp;#14;&amp;#7;&amp;#0;&amp;#11;&amp;#7;&amp;#0;&amp;#12;&amp;#1;&amp;#0;	selectAll&amp;#1;&amp;#0;&amp;#18;()Ljava/util/List;&amp;#1;&amp;#0;
DEBUG [main] - Find JAR URL: file:/C:/Users/Yongzhi/Desktop/Project/%e6%88%91%e8%a6%81%e8%bf%9b%e5%a4%a7%e5%8e%82/MybatisRetuktType/target/classes/com/zyz/mapper/EmpMapper.class
DEBUG [main] - Not a JAR: file:/C:/Users/Yongzhi/Desktop/Project/%e6%88%91%e8%a6%81%e8%bf%9b%e5%a4%a7%e5%8e%82/MybatisRetuktType/target/classes/com/zyz/mapper/EmpMapper.class
DEBUG [main] - Reader entry: ����&amp;#0;&amp;#0;&amp;#0;4&amp;#0;&amp;#14;&amp;#7;&amp;#0;&amp;#11;&amp;#7;&amp;#0;&amp;#12;&amp;#1;&amp;#0;&amp;#12;selectAllEmp&amp;#1;&amp;#0;&amp;#18;()Ljava/util/List;&amp;#1;&amp;#0;
DEBUG [main] - Find JAR URL: file:/C:/Users/Yongzhi/Desktop/Project/%e6%88%91%e8%a6%81%e8%bf%9b%e5%a4%a7%e5%8e%82/MybatisRetuktType/target/classes/com/zyz/mapper/ItemsMapper.class
DEBUG [main] - Not a JAR: file:/C:/Users/Yongzhi/Desktop/Project/%e6%88%91%e8%a6%81%e8%bf%9b%e5%a4%a7%e5%8e%82/MybatisRetuktType/target/classes/com/zyz/mapper/ItemsMapper.class
DEBUG [main] - Reader entry: ����&amp;#0;&amp;#0;&amp;#0;4&amp;#0;&amp;#7;&amp;#7;&amp;#0;&amp;#5;&amp;#7;&amp;#0;&amp;#6;&amp;#1;&amp;#0;
DEBUG [main] - Find JAR URL: file:/C:/Users/Yongzhi/Desktop/Project/%e6%88%91%e8%a6%81%e8%bf%9b%e5%a4%a7%e5%8e%82/MybatisRetuktType/target/classes/com/zyz/mapper/OrderdetailMapper.class
DEBUG [main] - Not a JAR: file:/C:/Users/Yongzhi/Desktop/Project/%e6%88%91%e8%a6%81%e8%bf%9b%e5%a4%a7%e5%8e%82/MybatisRetuktType/target/classes/com/zyz/mapper/OrderdetailMapper.class
DEBUG [main] - Reader entry: ����&amp;#0;&amp;#0;&amp;#0;4&amp;#0;&amp;#7;&amp;#7;&amp;#0;&amp;#5;&amp;#7;&amp;#0;&amp;#6;&amp;#1;&amp;#0;
DEBUG [main] - Find JAR URL: file:/C:/Users/Yongzhi/Desktop/Project/%e6%88%91%e8%a6%81%e8%bf%9b%e5%a4%a7%e5%8e%82/MybatisRetuktType/target/classes/com/zyz/mapper/OrdersMapper.class
DEBUG [main] - Not a JAR: file:/C:/Users/Yongzhi/Desktop/Project/%e6%88%91%e8%a6%81%e8%bf%9b%e5%a4%a7%e5%8e%82/MybatisRetuktType/target/classes/com/zyz/mapper/OrdersMapper.class
DEBUG [main] - Reader entry: ����&amp;#0;&amp;#0;&amp;#0;4&amp;#0;&amp;#7;&amp;#7;&amp;#0;&amp;#5;&amp;#7;&amp;#0;&amp;#6;&amp;#1;&amp;#0;
DEBUG [main] - Find JAR URL: file:/C:/Users/Yongzhi/Desktop/Project/%e6%88%91%e8%a6%81%e8%bf%9b%e5%a4%a7%e5%8e%82/MybatisRetuktType/target/classes/com/zyz/mapper/UsersMapper.class
DEBUG [main] - Not a JAR: file:/C:/Users/Yongzhi/Desktop/Project/%e6%88%91%e8%a6%81%e8%bf%9b%e5%a4%a7%e5%8e%82/MybatisRetuktType/target/classes/com/zyz/mapper/UsersMapper.class
DEBUG [main] - Reader entry: ����&amp;#0;&amp;#0;&amp;#0;4&amp;#0;&amp;#12;&amp;#7;&amp;#0;	&amp;#7;&amp;#0;
DEBUG [main] - Checking to see if class com.zyz.mapper.DeptMapper matches criteria [is assignable to Object]
DEBUG [main] - Checking to see if class com.zyz.mapper.EmpDeptMapper matches criteria [is assignable to Object]
DEBUG [main] - Checking to see if class com.zyz.mapper.EmpMapper matches criteria [is assignable to Object]
DEBUG [main] - Checking to see if class com.zyz.mapper.ItemsMapper matches criteria [is assignable to Object]
DEBUG [main] - Checking to see if class com.zyz.mapper.OrderdetailMapper matches criteria [is assignable to Object]
DEBUG [main] - Checking to see if class com.zyz.mapper.OrdersMapper matches criteria [is assignable to Object]
DEBUG [main] - Checking to see if class com.zyz.mapper.UsersMapper matches criteria [is assignable to Object]
</system-out>
  </testcase>
</testsuite>