<?xml version="1.0" encoding="UTF-8" ?>
<testsuite tests="9" failures="0" name="com.zyz.test.MybatisTest" time="0.514" errors="9" skipped="0">
  <properties>
[...]
</properties>
  <testcase classname="com.zyz.test.MybatisTest" name="test01" time="0.345">
    <error message="Invalid bound statement (not found): com.zyz.mapper.DeptMapper.selectOneByid" type="org.apache.ibatis.binding.BindingException">org.apache.ibatis.binding.BindingException: Invalid bound statement (not found): com.zyz.mapper.DeptMapper.selectOneByid
	at org.apache.ibatis.binding.MapperMethod$SqlCommand.&lt;init&gt;(MapperMethod.java:235)
	at org.apache.ibatis.binding.MapperMethod.&lt;init&gt;(MapperMethod.java:53)
	at org.apache.ibatis.binding.MapperProxy.lambda$cachedMapperMethod$0(MapperProxy.java:98)
	at java.util.concurrent.ConcurrentHashMap.computeIfAbsent(ConcurrentHashMap.java:1660)
	at org.apache.ibatis.binding.MapperProxy.cachedMapperMethod(MapperProxy.java:97)
	at org.apache.ibatis.binding.MapperProxy.invoke(MapperProxy.java:92)
	at com.sun.proxy.$Proxy5.selectOneByid(Unknown Source)
	at com.zyz.test.MybatisTest.test01(MybatisTest.java:38)
	at sun.reflect.NativeMethodAccessorImpl.invoke0(Native Method)
	at sun.reflect.NativeMethodAccessorImpl.invoke(NativeMethodAccessorImpl.java:62)
	at sun.reflect.DelegatingMethodAccessorImpl.invoke(DelegatingMethodAccessorImpl.java:43)
	at java.lang.reflect.Method.invoke(Method.java:498)
	at org.junit.runners.model.FrameworkMethod$1.runReflectiveCall(FrameworkMethod.java:50)
	at org.junit.internal.runners.model.ReflectiveCallable.run(ReflectiveCallable.java:12)
	at org.junit.runners.model.FrameworkMethod.invokeExplosively(FrameworkMethod.java:47)
	at org.junit.internal.runners.statements.InvokeMethod.evaluate(InvokeMethod.java:17)
	at org.junit.internal.runners.statements.RunBefores.evaluate(RunBefores.java:26)
	at org.junit.runners.ParentRunner.runLeaf(ParentRunner.java:325)
	at org.junit.runners.BlockJUnit4ClassRunner.runChild(BlockJUnit4ClassRunner.java:78)
	at org.junit.runners.BlockJUnit4ClassRunner.runChild(BlockJUnit4ClassRunner.java:57)
	at org.junit.runners.ParentRunner$3.run(ParentRunner.java:290)
	at org.junit.runners.ParentRunner$1.schedule(ParentRunner.java:71)
	at org.junit.runners.ParentRunner.runChildren(ParentRunner.java:288)
	at org.junit.runners.ParentRunner.access$000(ParentRunner.java:58)
	at org.junit.runners.ParentRunner$2.evaluate(ParentRunner.java:268)
	at org.junit.runners.ParentRunner.run(ParentRunner.java:363)
	at org.apache.maven.surefire.junit4.JUnit4Provider.execute(JUnit4Provider.java:252)
	at org.apache.maven.surefire.junit4.JUnit4Provider.executeTestSet(JUnit4Provider.java:141)
	at org.apache.maven.surefire.junit4.JUnit4Provider.invoke(JUnit4Provider.java:112)
	at sun.reflect.NativeMethodAccessorImpl.invoke0(Native Method)
	at sun.reflect.NativeMethodAccessorImpl.invoke(NativeMethodAccessorImpl.java:62)
	at sun.reflect.DelegatingMethodAccessorImpl.invoke(DelegatingMethodAccessorImpl.java:43)
	at java.lang.reflect.Method.invoke(Method.java:498)
	at org.apache.maven.surefire.util.ReflectionUtils.invokeMethodWithArray(ReflectionUtils.java:189)
	at org.apache.maven.surefire.booter.ProviderFactory$ProviderProxy.invoke(ProviderFactory.java:165)
	at org.apache.maven.surefire.booter.ProviderFactory.invokeProvider(ProviderFactory.java:85)
	at org.apache.maven.surefire.booter.ForkedBooter.runSuitesInProcess(ForkedBooter.java:115)
	at org.apache.maven.surefire.booter.ForkedBooter.main(ForkedBooter.java:75)
</error>
    <system-out>DEBUG [main] - Logging initialized using &apos;class org.apache.ibatis.logging.slf4j.Slf4jImpl&apos; adapter.
DEBUG [main] - Class not found: org.jboss.vfs.VFS
DEBUG [main] - JBoss 6 VFS API is not available in this environment.
DEBUG [main] - Class not found: org.jboss.vfs.VirtualFile
DEBUG [main] - VFS implementation org.apache.ibatis.io.JBoss6VFS is not valid in this environment.
DEBUG [main] - Using VFS adapter org.apache.ibatis.io.DefaultVFS
DEBUG [main] - Find JAR URL: file:/C:/Users/Yongzhi/Desktop/Project/%e6%88%91%e8%a6%81%e8%bf%9b%e5%a4%a7%e5%8e%82/MybatisMapper/target/classes/com/zyz/pojo
DEBUG [main] - Not a JAR: file:/C:/Users/Yongzhi/Desktop/Project/%e6%88%91%e8%a6%81%e8%bf%9b%e5%a4%a7%e5%8e%82/MybatisMapper/target/classes/com/zyz/pojo
DEBUG [main] - Reader entry: Dept.class
DEBUG [main] - Reader entry: Emp.class
DEBUG [main] - Listing file:/C:/Users/Yongzhi/Desktop/Project/%e6%88%91%e8%a6%81%e8%bf%9b%e5%a4%a7%e5%8e%82/MybatisMapper/target/classes/com/zyz/pojo
DEBUG [main] - Find JAR URL: file:/C:/Users/Yongzhi/Desktop/Project/%e6%88%91%e8%a6%81%e8%bf%9b%e5%a4%a7%e5%8e%82/MybatisMapper/target/classes/com/zyz/pojo/Dept.class
DEBUG [main] - Not a JAR: file:/C:/Users/Yongzhi/Desktop/Project/%e6%88%91%e8%a6%81%e8%bf%9b%e5%a4%a7%e5%8e%82/MybatisMapper/target/classes/com/zyz/pojo/Dept.class
DEBUG [main] - Reader entry: ����&amp;#0;&amp;#0;&amp;#0;4&amp;#0;&lt;
DEBUG [main] - Find JAR URL: file:/C:/Users/Yongzhi/Desktop/Project/%e6%88%91%e8%a6%81%e8%bf%9b%e5%a4%a7%e5%8e%82/MybatisMapper/target/classes/com/zyz/pojo/Emp.class
DEBUG [main] - Not a JAR: file:/C:/Users/Yongzhi/Desktop/Project/%e6%88%91%e8%a6%81%e8%bf%9b%e5%a4%a7%e5%8e%82/MybatisMapper/target/classes/com/zyz/pojo/Emp.class
DEBUG [main] - Reader entry: ����&amp;#0;&amp;#0;&amp;#0;4&amp;#0;M
DEBUG [main] - Checking to see if class com.zyz.pojo.Dept matches criteria [is assignable to Object]
DEBUG [main] - Checking to see if class com.zyz.pojo.Emp matches criteria [is assignable to Object]
DEBUG [main] - PooledDataSource forcefully closed/removed all connections.
DEBUG [main] - PooledDataSource forcefully closed/removed all connections.
DEBUG [main] - PooledDataSource forcefully closed/removed all connections.
DEBUG [main] - PooledDataSource forcefully closed/removed all connections.
DEBUG [main] - Find JAR URL: file:/C:/Users/Yongzhi/Desktop/Project/%e6%88%91%e8%a6%81%e8%bf%9b%e5%a4%a7%e5%8e%82/MybatisMapper/target/classes/com/zyz/mapper
DEBUG [main] - Not a JAR: file:/C:/Users/Yongzhi/Desktop/Project/%e6%88%91%e8%a6%81%e8%bf%9b%e5%a4%a7%e5%8e%82/MybatisMapper/target/classes/com/zyz/mapper
DEBUG [main] - Reader entry: DeptMapper.class
DEBUG [main] - Reader entry: EmpMapper.class
DEBUG [main] - Listing file:/C:/Users/Yongzhi/Desktop/Project/%e6%88%91%e8%a6%81%e8%bf%9b%e5%a4%a7%e5%8e%82/MybatisMapper/target/classes/com/zyz/mapper
DEBUG [main] - Find JAR URL: file:/C:/Users/Yongzhi/Desktop/Project/%e6%88%91%e8%a6%81%e8%bf%9b%e5%a4%a7%e5%8e%82/MybatisMapper/target/classes/com/zyz/mapper/DeptMapper.class
DEBUG [main] - Not a JAR: file:/C:/Users/Yongzhi/Desktop/Project/%e6%88%91%e8%a6%81%e8%bf%9b%e5%a4%a7%e5%8e%82/MybatisMapper/target/classes/com/zyz/mapper/DeptMapper.class
DEBUG [main] - Reader entry: ����&amp;#0;&amp;#0;&amp;#0;4&amp;#0;&amp;#21;&amp;#7;&amp;#0;&amp;#18;&amp;#7;&amp;#0;&amp;#19;&amp;#1;&amp;#0;	selectAll&amp;#1;&amp;#0;&amp;#18;()Ljava/util/List;&amp;#1;&amp;#0;
DEBUG [main] - Find JAR URL: file:/C:/Users/Yongzhi/Desktop/Project/%e6%88%91%e8%a6%81%e8%bf%9b%e5%a4%a7%e5%8e%82/MybatisMapper/target/classes/com/zyz/mapper/EmpMapper.class
DEBUG [main] - Not a JAR: file:/C:/Users/Yongzhi/Desktop/Project/%e6%88%91%e8%a6%81%e8%bf%9b%e5%a4%a7%e5%8e%82/MybatisMapper/target/classes/com/zyz/mapper/EmpMapper.class
DEBUG [main] - Reader entry: ����&amp;#0;&amp;#0;&amp;#0;4&amp;#0;&amp;#29;&amp;#7;&amp;#0;&amp;#26;&amp;#7;&amp;#0;&amp;#27;&amp;#1;&amp;#0;&amp;#18;selectEmpBysalname&amp;#1;&amp;#0;$(Lcom/zyz/pojo/Emp;)Ljava/util/List;&amp;#1;&amp;#0;
DEBUG [main] - Checking to see if class com.zyz.mapper.DeptMapper matches criteria [is assignable to Object]
DEBUG [main] - Checking to see if class com.zyz.mapper.EmpMapper matches criteria [is assignable to Object]
</system-out>
  </testcase>
  <testcase classname="com.zyz.test.MybatisTest" name="test02" time="0.028">
    <error message="Invalid bound statement (not found): com.zyz.mapper.EmpMapper.selectEmpBysalname" type="org.apache.ibatis.binding.BindingException">org.apache.ibatis.binding.BindingException: Invalid bound statement (not found): com.zyz.mapper.EmpMapper.selectEmpBysalname
	at org.apache.ibatis.binding.MapperMethod$SqlCommand.&lt;init&gt;(MapperMethod.java:235)
	at org.apache.ibatis.binding.MapperMethod.&lt;init&gt;(MapperMethod.java:53)
	at org.apache.ibatis.binding.MapperProxy.lambda$cachedMapperMethod$0(MapperProxy.java:98)
	at java.util.concurrent.ConcurrentHashMap.computeIfAbsent(ConcurrentHashMap.java:1660)
	at org.apache.ibatis.binding.MapperProxy.cachedMapperMethod(MapperProxy.java:97)
	at org.apache.ibatis.binding.MapperProxy.invoke(MapperProxy.java:92)
	at com.sun.proxy.$Proxy6.selectEmpBysalname(Unknown Source)
	at com.zyz.test.MybatisTest.test02(MybatisTest.java:51)
	at sun.reflect.NativeMethodAccessorImpl.invoke0(Native Method)
	at sun.reflect.NativeMethodAccessorImpl.invoke(NativeMethodAccessorImpl.java:62)
	at sun.reflect.DelegatingMethodAccessorImpl.invoke(DelegatingMethodAccessorImpl.java:43)
	at java.lang.reflect.Method.invoke(Method.java:498)
	at org.junit.runners.model.FrameworkMethod$1.runReflectiveCall(FrameworkMethod.java:50)
	at org.junit.internal.runners.model.ReflectiveCallable.run(ReflectiveCallable.java:12)
	at org.junit.runners.model.FrameworkMethod.invokeExplosively(FrameworkMethod.java:47)
	at org.junit.internal.runners.statements.InvokeMethod.evaluate(InvokeMethod.java:17)
	at org.junit.internal.runners.statements.RunBefores.evaluate(RunBefores.java:26)
	at org.junit.runners.ParentRunner.runLeaf(ParentRunner.java:325)
	at org.junit.runners.BlockJUnit4ClassRunner.runChild(BlockJUnit4ClassRunner.java:78)
	at org.junit.runners.BlockJUnit4ClassRunner.runChild(BlockJUnit4ClassRunner.java:57)
	at org.junit.runners.ParentRunner$3.run(ParentRunner.java:290)
	at org.junit.runners.ParentRunner$1.schedule(ParentRunner.java:71)
	at org.junit.runners.ParentRunner.runChildren(ParentRunner.java:288)
	at org.junit.runners.ParentRunner.access$000(ParentRunner.java:58)
	at org.junit.runners.ParentRunner$2.evaluate(ParentRunner.java:268)
	at org.junit.runners.ParentRunner.run(ParentRunner.java:363)
	at org.apache.maven.surefire.junit4.JUnit4Provider.execute(JUnit4Provider.java:252)
	at org.apache.maven.surefire.junit4.JUnit4Provider.executeTestSet(JUnit4Provider.java:141)
	at org.apache.maven.surefire.junit4.JUnit4Provider.invoke(JUnit4Provider.java:112)
	at sun.reflect.NativeMethodAccessorImpl.invoke0(Native Method)
	at sun.reflect.NativeMethodAccessorImpl.invoke(NativeMethodAccessorImpl.java:62)
	at sun.reflect.DelegatingMethodAccessorImpl.invoke(DelegatingMethodAccessorImpl.java:43)
	at java.lang.reflect.Method.invoke(Method.java:498)
	at org.apache.maven.surefire.util.ReflectionUtils.invokeMethodWithArray(ReflectionUtils.java:189)
	at org.apache.maven.surefire.booter.ProviderFactory$ProviderProxy.invoke(ProviderFactory.java:165)
	at org.apache.maven.surefire.booter.ProviderFactory.invokeProvider(ProviderFactory.java:85)
	at org.apache.maven.surefire.booter.ForkedBooter.runSuitesInProcess(ForkedBooter.java:115)
	at org.apache.maven.surefire.booter.ForkedBooter.main(ForkedBooter.java:75)
</error>
    <system-out>DEBUG [main] - Find JAR URL: file:/C:/Users/Yongzhi/Desktop/Project/%e6%88%91%e8%a6%81%e8%bf%9b%e5%a4%a7%e5%8e%82/MybatisMapper/target/classes/com/zyz/pojo
DEBUG [main] - Not a JAR: file:/C:/Users/Yongzhi/Desktop/Project/%e6%88%91%e8%a6%81%e8%bf%9b%e5%a4%a7%e5%8e%82/MybatisMapper/target/classes/com/zyz/pojo
DEBUG [main] - Reader entry: Dept.class
DEBUG [main] - Reader entry: Emp.class
DEBUG [main] - Listing file:/C:/Users/Yongzhi/Desktop/Project/%e6%88%91%e8%a6%81%e8%bf%9b%e5%a4%a7%e5%8e%82/MybatisMapper/target/classes/com/zyz/pojo
DEBUG [main] - Find JAR URL: file:/C:/Users/Yongzhi/Desktop/Project/%e6%88%91%e8%a6%81%e8%bf%9b%e5%a4%a7%e5%8e%82/MybatisMapper/target/classes/com/zyz/pojo/Dept.class
DEBUG [main] - Not a JAR: file:/C:/Users/Yongzhi/Desktop/Project/%e6%88%91%e8%a6%81%e8%bf%9b%e5%a4%a7%e5%8e%82/MybatisMapper/target/classes/com/zyz/pojo/Dept.class
DEBUG [main] - Reader entry: ����&amp;#0;&amp;#0;&amp;#0;4&amp;#0;&lt;
DEBUG [main] - Find JAR URL: file:/C:/Users/Yongzhi/Desktop/Project/%e6%88%91%e8%a6%81%e8%bf%9b%e5%a4%a7%e5%8e%82/MybatisMapper/target/classes/com/zyz/pojo/Emp.class
DEBUG [main] - Not a JAR: file:/C:/Users/Yongzhi/Desktop/Project/%e6%88%91%e8%a6%81%e8%bf%9b%e5%a4%a7%e5%8e%82/MybatisMapper/target/classes/com/zyz/pojo/Emp.class
DEBUG [main] - Reader entry: ����&amp;#0;&amp;#0;&amp;#0;4&amp;#0;M
DEBUG [main] - Checking to see if class com.zyz.pojo.Dept matches criteria [is assignable to Object]
DEBUG [main] - Checking to see if class com.zyz.pojo.Emp matches criteria [is assignable to Object]
DEBUG [main] - PooledDataSource forcefully closed/removed all connections.
DEBUG [main] - PooledDataSource forcefully closed/removed all connections.
DEBUG [main] - PooledDataSource forcefully closed/removed all connections.
DEBUG [main] - PooledDataSource forcefully closed/removed all connections.
DEBUG [main] - Find JAR URL: file:/C:/Users/Yongzhi/Desktop/Project/%e6%88%91%e8%a6%81%e8%bf%9b%e5%a4%a7%e5%8e%82/MybatisMapper/target/classes/com/zyz/mapper
DEBUG [main] - Not a JAR: file:/C:/Users/Yongzhi/Desktop/Project/%e6%88%91%e8%a6%81%e8%bf%9b%e5%a4%a7%e5%8e%82/MybatisMapper/target/classes/com/zyz/mapper
DEBUG [main] - Reader entry: DeptMapper.class
DEBUG [main] - Reader entry: EmpMapper.class
DEBUG [main] - Listing file:/C:/Users/Yongzhi/Desktop/Project/%e6%88%91%e8%a6%81%e8%bf%9b%e5%a4%a7%e5%8e%82/MybatisMapper/target/classes/com/zyz/mapper
DEBUG [main] - Find JAR URL: file:/C:/Users/Yongzhi/Desktop/Project/%e6%88%91%e8%a6%81%e8%bf%9b%e5%a4%a7%e5%8e%82/MybatisMapper/target/classes/com/zyz/mapper/DeptMapper.class
DEBUG [main] - Not a JAR: file:/C:/Users/Yongzhi/Desktop/Project/%e6%88%91%e8%a6%81%e8%bf%9b%e5%a4%a7%e5%8e%82/MybatisMapper/target/classes/com/zyz/mapper/DeptMapper.class
DEBUG [main] - Reader entry: ����&amp;#0;&amp;#0;&amp;#0;4&amp;#0;&amp;#21;&amp;#7;&amp;#0;&amp;#18;&amp;#7;&amp;#0;&amp;#19;&amp;#1;&amp;#0;	selectAll&amp;#1;&amp;#0;&amp;#18;()Ljava/util/List;&amp;#1;&amp;#0;
DEBUG [main] - Find JAR URL: file:/C:/Users/Yongzhi/Desktop/Project/%e6%88%91%e8%a6%81%e8%bf%9b%e5%a4%a7%e5%8e%82/MybatisMapper/target/classes/com/zyz/mapper/EmpMapper.class
DEBUG [main] - Not a JAR: file:/C:/Users/Yongzhi/Desktop/Project/%e6%88%91%e8%a6%81%e8%bf%9b%e5%a4%a7%e5%8e%82/MybatisMapper/target/classes/com/zyz/mapper/EmpMapper.class
DEBUG [main] - Reader entry: ����&amp;#0;&amp;#0;&amp;#0;4&amp;#0;&amp;#29;&amp;#7;&amp;#0;&amp;#26;&amp;#7;&amp;#0;&amp;#27;&amp;#1;&amp;#0;&amp;#18;selectEmpBysalname&amp;#1;&amp;#0;$(Lcom/zyz/pojo/Emp;)Ljava/util/List;&amp;#1;&amp;#0;
DEBUG [main] - Checking to see if class com.zyz.mapper.DeptMapper matches criteria [is assignable to Object]
DEBUG [main] - Checking to see if class com.zyz.mapper.EmpMapper matches criteria [is assignable to Object]
</system-out>
  </testcase>
  <testcase classname="com.zyz.test.MybatisTest" name="test03" time="0.02">
    <error message="Invalid bound statement (not found): com.zyz.mapper.EmpMapper.selectEmpByinfo" type="org.apache.ibatis.binding.BindingException">org.apache.ibatis.binding.BindingException: Invalid bound statement (not found): com.zyz.mapper.EmpMapper.selectEmpByinfo
	at org.apache.ibatis.binding.MapperMethod$SqlCommand.&lt;init&gt;(MapperMethod.java:235)
	at org.apache.ibatis.binding.MapperMethod.&lt;init&gt;(MapperMethod.java:53)
	at org.apache.ibatis.binding.MapperProxy.lambda$cachedMapperMethod$0(MapperProxy.java:98)
	at java.util.concurrent.ConcurrentHashMap.computeIfAbsent(ConcurrentHashMap.java:1660)
	at org.apache.ibatis.binding.MapperProxy.cachedMapperMethod(MapperProxy.java:97)
	at org.apache.ibatis.binding.MapperProxy.invoke(MapperProxy.java:92)
	at com.sun.proxy.$Proxy6.selectEmpByinfo(Unknown Source)
	at com.zyz.test.MybatisTest.test03(MybatisTest.java:67)
	at sun.reflect.NativeMethodAccessorImpl.invoke0(Native Method)
	at sun.reflect.NativeMethodAccessorImpl.invoke(NativeMethodAccessorImpl.java:62)
	at sun.reflect.DelegatingMethodAccessorImpl.invoke(DelegatingMethodAccessorImpl.java:43)
	at java.lang.reflect.Method.invoke(Method.java:498)
	at org.junit.runners.model.FrameworkMethod$1.runReflectiveCall(FrameworkMethod.java:50)
	at org.junit.internal.runners.model.ReflectiveCallable.run(ReflectiveCallable.java:12)
	at org.junit.runners.model.FrameworkMethod.invokeExplosively(FrameworkMethod.java:47)
	at org.junit.internal.runners.statements.InvokeMethod.evaluate(InvokeMethod.java:17)
	at org.junit.internal.runners.statements.RunBefores.evaluate(RunBefores.java:26)
	at org.junit.runners.ParentRunner.runLeaf(ParentRunner.java:325)
	at org.junit.runners.BlockJUnit4ClassRunner.runChild(BlockJUnit4ClassRunner.java:78)
	at org.junit.runners.BlockJUnit4ClassRunner.runChild(BlockJUnit4ClassRunner.java:57)
	at org.junit.runners.ParentRunner$3.run(ParentRunner.java:290)
	at org.junit.runners.ParentRunner$1.schedule(ParentRunner.java:71)
	at org.junit.runners.ParentRunner.runChildren(ParentRunner.java:288)
	at org.junit.runners.ParentRunner.access$000(ParentRunner.java:58)
	at org.junit.runners.ParentRunner$2.evaluate(ParentRunner.java:268)
	at org.junit.runners.ParentRunner.run(ParentRunner.java:363)
	at org.apache.maven.surefire.junit4.JUnit4Provider.execute(JUnit4Provider.java:252)
	at org.apache.maven.surefire.junit4.JUnit4Provider.executeTestSet(JUnit4Provider.java:141)
	at org.apache.maven.surefire.junit4.JUnit4Provider.invoke(JUnit4Provider.java:112)
	at sun.reflect.NativeMethodAccessorImpl.invoke0(Native Method)
	at sun.reflect.NativeMethodAccessorImpl.invoke(NativeMethodAccessorImpl.java:62)
	at sun.reflect.DelegatingMethodAccessorImpl.invoke(DelegatingMethodAccessorImpl.java:43)
	at java.lang.reflect.Method.invoke(Method.java:498)
	at org.apache.maven.surefire.util.ReflectionUtils.invokeMethodWithArray(ReflectionUtils.java:189)
	at org.apache.maven.surefire.booter.ProviderFactory$ProviderProxy.invoke(ProviderFactory.java:165)
	at org.apache.maven.surefire.booter.ProviderFactory.invokeProvider(ProviderFactory.java:85)
	at org.apache.maven.surefire.booter.ForkedBooter.runSuitesInProcess(ForkedBooter.java:115)
	at org.apache.maven.surefire.booter.ForkedBooter.main(ForkedBooter.java:75)
</error>
    <system-out>DEBUG [main] - Find JAR URL: file:/C:/Users/Yongzhi/Desktop/Project/%e6%88%91%e8%a6%81%e8%bf%9b%e5%a4%a7%e5%8e%82/MybatisMapper/target/classes/com/zyz/pojo
DEBUG [main] - Not a JAR: file:/C:/Users/Yongzhi/Desktop/Project/%e6%88%91%e8%a6%81%e8%bf%9b%e5%a4%a7%e5%8e%82/MybatisMapper/target/classes/com/zyz/pojo
DEBUG [main] - Reader entry: Dept.class
DEBUG [main] - Reader entry: Emp.class
DEBUG [main] - Listing file:/C:/Users/Yongzhi/Desktop/Project/%e6%88%91%e8%a6%81%e8%bf%9b%e5%a4%a7%e5%8e%82/MybatisMapper/target/classes/com/zyz/pojo
DEBUG [main] - Find JAR URL: file:/C:/Users/Yongzhi/Desktop/Project/%e6%88%91%e8%a6%81%e8%bf%9b%e5%a4%a7%e5%8e%82/MybatisMapper/target/classes/com/zyz/pojo/Dept.class
DEBUG [main] - Not a JAR: file:/C:/Users/Yongzhi/Desktop/Project/%e6%88%91%e8%a6%81%e8%bf%9b%e5%a4%a7%e5%8e%82/MybatisMapper/target/classes/com/zyz/pojo/Dept.class
DEBUG [main] - Reader entry: ����&amp;#0;&amp;#0;&amp;#0;4&amp;#0;&lt;
DEBUG [main] - Find JAR URL: file:/C:/Users/Yongzhi/Desktop/Project/%e6%88%91%e8%a6%81%e8%bf%9b%e5%a4%a7%e5%8e%82/MybatisMapper/target/classes/com/zyz/pojo/Emp.class
DEBUG [main] - Not a JAR: file:/C:/Users/Yongzhi/Desktop/Project/%e6%88%91%e8%a6%81%e8%bf%9b%e5%a4%a7%e5%8e%82/MybatisMapper/target/classes/com/zyz/pojo/Emp.class
DEBUG [main] - Reader entry: ����&amp;#0;&amp;#0;&amp;#0;4&amp;#0;M
DEBUG [main] - Checking to see if class com.zyz.pojo.Dept matches criteria [is assignable to Object]
DEBUG [main] - Checking to see if class com.zyz.pojo.Emp matches criteria [is assignable to Object]
DEBUG [main] - PooledDataSource forcefully closed/removed all connections.
DEBUG [main] - PooledDataSource forcefully closed/removed all connections.
DEBUG [main] - PooledDataSource forcefully closed/removed all connections.
DEBUG [main] - PooledDataSource forcefully closed/removed all connections.
DEBUG [main] - Find JAR URL: file:/C:/Users/Yongzhi/Desktop/Project/%e6%88%91%e8%a6%81%e8%bf%9b%e5%a4%a7%e5%8e%82/MybatisMapper/target/classes/com/zyz/mapper
DEBUG [main] - Not a JAR: file:/C:/Users/Yongzhi/Desktop/Project/%e6%88%91%e8%a6%81%e8%bf%9b%e5%a4%a7%e5%8e%82/MybatisMapper/target/classes/com/zyz/mapper
DEBUG [main] - Reader entry: DeptMapper.class
DEBUG [main] - Reader entry: EmpMapper.class
DEBUG [main] - Listing file:/C:/Users/Yongzhi/Desktop/Project/%e6%88%91%e8%a6%81%e8%bf%9b%e5%a4%a7%e5%8e%82/MybatisMapper/target/classes/com/zyz/mapper
DEBUG [main] - Find JAR URL: file:/C:/Users/Yongzhi/Desktop/Project/%e6%88%91%e8%a6%81%e8%bf%9b%e5%a4%a7%e5%8e%82/MybatisMapper/target/classes/com/zyz/mapper/DeptMapper.class
DEBUG [main] - Not a JAR: file:/C:/Users/Yongzhi/Desktop/Project/%e6%88%91%e8%a6%81%e8%bf%9b%e5%a4%a7%e5%8e%82/MybatisMapper/target/classes/com/zyz/mapper/DeptMapper.class
DEBUG [main] - Reader entry: ����&amp;#0;&amp;#0;&amp;#0;4&amp;#0;&amp;#21;&amp;#7;&amp;#0;&amp;#18;&amp;#7;&amp;#0;&amp;#19;&amp;#1;&amp;#0;	selectAll&amp;#1;&amp;#0;&amp;#18;()Ljava/util/List;&amp;#1;&amp;#0;
DEBUG [main] - Find JAR URL: file:/C:/Users/Yongzhi/Desktop/Project/%e6%88%91%e8%a6%81%e8%bf%9b%e5%a4%a7%e5%8e%82/MybatisMapper/target/classes/com/zyz/mapper/EmpMapper.class
DEBUG [main] - Not a JAR: file:/C:/Users/Yongzhi/Desktop/Project/%e6%88%91%e8%a6%81%e8%bf%9b%e5%a4%a7%e5%8e%82/MybatisMapper/target/classes/com/zyz/mapper/EmpMapper.class
DEBUG [main] - Reader entry: ����&amp;#0;&amp;#0;&amp;#0;4&amp;#0;&amp;#29;&amp;#7;&amp;#0;&amp;#26;&amp;#7;&amp;#0;&amp;#27;&amp;#1;&amp;#0;&amp;#18;selectEmpBysalname&amp;#1;&amp;#0;$(Lcom/zyz/pojo/Emp;)Ljava/util/List;&amp;#1;&amp;#0;
DEBUG [main] - Checking to see if class com.zyz.mapper.DeptMapper matches criteria [is assignable to Object]
DEBUG [main] - Checking to see if class com.zyz.mapper.EmpMapper matches criteria [is assignable to Object]
</system-out>
  </testcase>
  <testcase classname="com.zyz.test.MybatisTest" name="test04" time="0.018">
    <error message="Invalid bound statement (not found): com.zyz.mapper.EmpMapper.insertEmp" type="org.apache.ibatis.binding.BindingException">org.apache.ibatis.binding.BindingException: Invalid bound statement (not found): com.zyz.mapper.EmpMapper.insertEmp
	at org.apache.ibatis.binding.MapperMethod$SqlCommand.&lt;init&gt;(MapperMethod.java:235)
	at org.apache.ibatis.binding.MapperMethod.&lt;init&gt;(MapperMethod.java:53)
	at org.apache.ibatis.binding.MapperProxy.lambda$cachedMapperMethod$0(MapperProxy.java:98)
	at java.util.concurrent.ConcurrentHashMap.computeIfAbsent(ConcurrentHashMap.java:1660)
	at org.apache.ibatis.binding.MapperProxy.cachedMapperMethod(MapperProxy.java:97)
	at org.apache.ibatis.binding.MapperProxy.invoke(MapperProxy.java:92)
	at com.sun.proxy.$Proxy6.insertEmp(Unknown Source)
	at com.zyz.test.MybatisTest.test04(MybatisTest.java:84)
	at sun.reflect.NativeMethodAccessorImpl.invoke0(Native Method)
	at sun.reflect.NativeMethodAccessorImpl.invoke(NativeMethodAccessorImpl.java:62)
	at sun.reflect.DelegatingMethodAccessorImpl.invoke(DelegatingMethodAccessorImpl.java:43)
	at java.lang.reflect.Method.invoke(Method.java:498)
	at org.junit.runners.model.FrameworkMethod$1.runReflectiveCall(FrameworkMethod.java:50)
	at org.junit.internal.runners.model.ReflectiveCallable.run(ReflectiveCallable.java:12)
	at org.junit.runners.model.FrameworkMethod.invokeExplosively(FrameworkMethod.java:47)
	at org.junit.internal.runners.statements.InvokeMethod.evaluate(InvokeMethod.java:17)
	at org.junit.internal.runners.statements.RunBefores.evaluate(RunBefores.java:26)
	at org.junit.runners.ParentRunner.runLeaf(ParentRunner.java:325)
	at org.junit.runners.BlockJUnit4ClassRunner.runChild(BlockJUnit4ClassRunner.java:78)
	at org.junit.runners.BlockJUnit4ClassRunner.runChild(BlockJUnit4ClassRunner.java:57)
	at org.junit.runners.ParentRunner$3.run(ParentRunner.java:290)
	at org.junit.runners.ParentRunner$1.schedule(ParentRunner.java:71)
	at org.junit.runners.ParentRunner.runChildren(ParentRunner.java:288)
	at org.junit.runners.ParentRunner.access$000(ParentRunner.java:58)
	at org.junit.runners.ParentRunner$2.evaluate(ParentRunner.java:268)
	at org.junit.runners.ParentRunner.run(ParentRunner.java:363)
	at org.apache.maven.surefire.junit4.JUnit4Provider.execute(JUnit4Provider.java:252)
	at org.apache.maven.surefire.junit4.JUnit4Provider.executeTestSet(JUnit4Provider.java:141)
	at org.apache.maven.surefire.junit4.JUnit4Provider.invoke(JUnit4Provider.java:112)
	at sun.reflect.NativeMethodAccessorImpl.invoke0(Native Method)
	at sun.reflect.NativeMethodAccessorImpl.invoke(NativeMethodAccessorImpl.java:62)
	at sun.reflect.DelegatingMethodAccessorImpl.invoke(DelegatingMethodAccessorImpl.java:43)
	at java.lang.reflect.Method.invoke(Method.java:498)
	at org.apache.maven.surefire.util.ReflectionUtils.invokeMethodWithArray(ReflectionUtils.java:189)
	at org.apache.maven.surefire.booter.ProviderFactory$ProviderProxy.invoke(ProviderFactory.java:165)
	at org.apache.maven.surefire.booter.ProviderFactory.invokeProvider(ProviderFactory.java:85)
	at org.apache.maven.surefire.booter.ForkedBooter.runSuitesInProcess(ForkedBooter.java:115)
	at org.apache.maven.surefire.booter.ForkedBooter.main(ForkedBooter.java:75)
</error>
    <system-out>DEBUG [main] - Find JAR URL: file:/C:/Users/Yongzhi/Desktop/Project/%e6%88%91%e8%a6%81%e8%bf%9b%e5%a4%a7%e5%8e%82/MybatisMapper/target/classes/com/zyz/pojo
DEBUG [main] - Not a JAR: file:/C:/Users/Yongzhi/Desktop/Project/%e6%88%91%e8%a6%81%e8%bf%9b%e5%a4%a7%e5%8e%82/MybatisMapper/target/classes/com/zyz/pojo
DEBUG [main] - Reader entry: Dept.class
DEBUG [main] - Reader entry: Emp.class
DEBUG [main] - Listing file:/C:/Users/Yongzhi/Desktop/Project/%e6%88%91%e8%a6%81%e8%bf%9b%e5%a4%a7%e5%8e%82/MybatisMapper/target/classes/com/zyz/pojo
DEBUG [main] - Find JAR URL: file:/C:/Users/Yongzhi/Desktop/Project/%e6%88%91%e8%a6%81%e8%bf%9b%e5%a4%a7%e5%8e%82/MybatisMapper/target/classes/com/zyz/pojo/Dept.class
DEBUG [main] - Not a JAR: file:/C:/Users/Yongzhi/Desktop/Project/%e6%88%91%e8%a6%81%e8%bf%9b%e5%a4%a7%e5%8e%82/MybatisMapper/target/classes/com/zyz/pojo/Dept.class
DEBUG [main] - Reader entry: ����&amp;#0;&amp;#0;&amp;#0;4&amp;#0;&lt;
DEBUG [main] - Find JAR URL: file:/C:/Users/Yongzhi/Desktop/Project/%e6%88%91%e8%a6%81%e8%bf%9b%e5%a4%a7%e5%8e%82/MybatisMapper/target/classes/com/zyz/pojo/Emp.class
DEBUG [main] - Not a JAR: file:/C:/Users/Yongzhi/Desktop/Project/%e6%88%91%e8%a6%81%e8%bf%9b%e5%a4%a7%e5%8e%82/MybatisMapper/target/classes/com/zyz/pojo/Emp.class
DEBUG [main] - Reader entry: ����&amp;#0;&amp;#0;&amp;#0;4&amp;#0;M
DEBUG [main] - Checking to see if class com.zyz.pojo.Dept matches criteria [is assignable to Object]
DEBUG [main] - Checking to see if class com.zyz.pojo.Emp matches criteria [is assignable to Object]
DEBUG [main] - PooledDataSource forcefully closed/removed all connections.
DEBUG [main] - PooledDataSource forcefully closed/removed all connections.
DEBUG [main] - PooledDataSource forcefully closed/removed all connections.
DEBUG [main] - PooledDataSource forcefully closed/removed all connections.
DEBUG [main] - Find JAR URL: file:/C:/Users/Yongzhi/Desktop/Project/%e6%88%91%e8%a6%81%e8%bf%9b%e5%a4%a7%e5%8e%82/MybatisMapper/target/classes/com/zyz/mapper
DEBUG [main] - Not a JAR: file:/C:/Users/Yongzhi/Desktop/Project/%e6%88%91%e8%a6%81%e8%bf%9b%e5%a4%a7%e5%8e%82/MybatisMapper/target/classes/com/zyz/mapper
DEBUG [main] - Reader entry: DeptMapper.class
DEBUG [main] - Reader entry: EmpMapper.class
DEBUG [main] - Listing file:/C:/Users/Yongzhi/Desktop/Project/%e6%88%91%e8%a6%81%e8%bf%9b%e5%a4%a7%e5%8e%82/MybatisMapper/target/classes/com/zyz/mapper
DEBUG [main] - Find JAR URL: file:/C:/Users/Yongzhi/Desktop/Project/%e6%88%91%e8%a6%81%e8%bf%9b%e5%a4%a7%e5%8e%82/MybatisMapper/target/classes/com/zyz/mapper/DeptMapper.class
DEBUG [main] - Not a JAR: file:/C:/Users/Yongzhi/Desktop/Project/%e6%88%91%e8%a6%81%e8%bf%9b%e5%a4%a7%e5%8e%82/MybatisMapper/target/classes/com/zyz/mapper/DeptMapper.class
DEBUG [main] - Reader entry: ����&amp;#0;&amp;#0;&amp;#0;4&amp;#0;&amp;#21;&amp;#7;&amp;#0;&amp;#18;&amp;#7;&amp;#0;&amp;#19;&amp;#1;&amp;#0;	selectAll&amp;#1;&amp;#0;&amp;#18;()Ljava/util/List;&amp;#1;&amp;#0;
DEBUG [main] - Find JAR URL: file:/C:/Users/Yongzhi/Desktop/Project/%e6%88%91%e8%a6%81%e8%bf%9b%e5%a4%a7%e5%8e%82/MybatisMapper/target/classes/com/zyz/mapper/EmpMapper.class
DEBUG [main] - Not a JAR: file:/C:/Users/Yongzhi/Desktop/Project/%e6%88%91%e8%a6%81%e8%bf%9b%e5%a4%a7%e5%8e%82/MybatisMapper/target/classes/com/zyz/mapper/EmpMapper.class
DEBUG [main] - Reader entry: ����&amp;#0;&amp;#0;&amp;#0;4&amp;#0;&amp;#29;&amp;#7;&amp;#0;&amp;#26;&amp;#7;&amp;#0;&amp;#27;&amp;#1;&amp;#0;&amp;#18;selectEmpBysalname&amp;#1;&amp;#0;$(Lcom/zyz/pojo/Emp;)Ljava/util/List;&amp;#1;&amp;#0;
DEBUG [main] - Checking to see if class com.zyz.mapper.DeptMapper matches criteria [is assignable to Object]
DEBUG [main] - Checking to see if class com.zyz.mapper.EmpMapper matches criteria [is assignable to Object]
</system-out>
  </testcase>
  <testcase classname="com.zyz.test.MybatisTest" name="test05" time="0.019">
    <error message="Invalid bound statement (not found): com.zyz.mapper.EmpMapper.updateEmp" type="org.apache.ibatis.binding.BindingException">org.apache.ibatis.binding.BindingException: Invalid bound statement (not found): com.zyz.mapper.EmpMapper.updateEmp
	at org.apache.ibatis.binding.MapperMethod$SqlCommand.&lt;init&gt;(MapperMethod.java:235)
	at org.apache.ibatis.binding.MapperMethod.&lt;init&gt;(MapperMethod.java:53)
	at org.apache.ibatis.binding.MapperProxy.lambda$cachedMapperMethod$0(MapperProxy.java:98)
	at java.util.concurrent.ConcurrentHashMap.computeIfAbsent(ConcurrentHashMap.java:1660)
	at org.apache.ibatis.binding.MapperProxy.cachedMapperMethod(MapperProxy.java:97)
	at org.apache.ibatis.binding.MapperProxy.invoke(MapperProxy.java:92)
	at com.sun.proxy.$Proxy6.updateEmp(Unknown Source)
	at com.zyz.test.MybatisTest.test05(MybatisTest.java:101)
	at sun.reflect.NativeMethodAccessorImpl.invoke0(Native Method)
	at sun.reflect.NativeMethodAccessorImpl.invoke(NativeMethodAccessorImpl.java:62)
	at sun.reflect.DelegatingMethodAccessorImpl.invoke(DelegatingMethodAccessorImpl.java:43)
	at java.lang.reflect.Method.invoke(Method.java:498)
	at org.junit.runners.model.FrameworkMethod$1.runReflectiveCall(FrameworkMethod.java:50)
	at org.junit.internal.runners.model.ReflectiveCallable.run(ReflectiveCallable.java:12)
	at org.junit.runners.model.FrameworkMethod.invokeExplosively(FrameworkMethod.java:47)
	at org.junit.internal.runners.statements.InvokeMethod.evaluate(InvokeMethod.java:17)
	at org.junit.internal.runners.statements.RunBefores.evaluate(RunBefores.java:26)
	at org.junit.runners.ParentRunner.runLeaf(ParentRunner.java:325)
	at org.junit.runners.BlockJUnit4ClassRunner.runChild(BlockJUnit4ClassRunner.java:78)
	at org.junit.runners.BlockJUnit4ClassRunner.runChild(BlockJUnit4ClassRunner.java:57)
	at org.junit.runners.ParentRunner$3.run(ParentRunner.java:290)
	at org.junit.runners.ParentRunner$1.schedule(ParentRunner.java:71)
	at org.junit.runners.ParentRunner.runChildren(ParentRunner.java:288)
	at org.junit.runners.ParentRunner.access$000(ParentRunner.java:58)
	at org.junit.runners.ParentRunner$2.evaluate(ParentRunner.java:268)
	at org.junit.runners.ParentRunner.run(ParentRunner.java:363)
	at org.apache.maven.surefire.junit4.JUnit4Provider.execute(JUnit4Provider.java:252)
	at org.apache.maven.surefire.junit4.JUnit4Provider.executeTestSet(JUnit4Provider.java:141)
	at org.apache.maven.surefire.junit4.JUnit4Provider.invoke(JUnit4Provider.java:112)
	at sun.reflect.NativeMethodAccessorImpl.invoke0(Native Method)
	at sun.reflect.NativeMethodAccessorImpl.invoke(NativeMethodAccessorImpl.java:62)
	at sun.reflect.DelegatingMethodAccessorImpl.invoke(DelegatingMethodAccessorImpl.java:43)
	at java.lang.reflect.Method.invoke(Method.java:498)
	at org.apache.maven.surefire.util.ReflectionUtils.invokeMethodWithArray(ReflectionUtils.java:189)
	at org.apache.maven.surefire.booter.ProviderFactory$ProviderProxy.invoke(ProviderFactory.java:165)
	at org.apache.maven.surefire.booter.ProviderFactory.invokeProvider(ProviderFactory.java:85)
	at org.apache.maven.surefire.booter.ForkedBooter.runSuitesInProcess(ForkedBooter.java:115)
	at org.apache.maven.surefire.booter.ForkedBooter.main(ForkedBooter.java:75)
</error>
    <system-out>DEBUG [main] - Find JAR URL: file:/C:/Users/Yongzhi/Desktop/Project/%e6%88%91%e8%a6%81%e8%bf%9b%e5%a4%a7%e5%8e%82/MybatisMapper/target/classes/com/zyz/pojo
DEBUG [main] - Not a JAR: file:/C:/Users/Yongzhi/Desktop/Project/%e6%88%91%e8%a6%81%e8%bf%9b%e5%a4%a7%e5%8e%82/MybatisMapper/target/classes/com/zyz/pojo
DEBUG [main] - Reader entry: Dept.class
DEBUG [main] - Reader entry: Emp.class
DEBUG [main] - Listing file:/C:/Users/Yongzhi/Desktop/Project/%e6%88%91%e8%a6%81%e8%bf%9b%e5%a4%a7%e5%8e%82/MybatisMapper/target/classes/com/zyz/pojo
DEBUG [main] - Find JAR URL: file:/C:/Users/Yongzhi/Desktop/Project/%e6%88%91%e8%a6%81%e8%bf%9b%e5%a4%a7%e5%8e%82/MybatisMapper/target/classes/com/zyz/pojo/Dept.class
DEBUG [main] - Not a JAR: file:/C:/Users/Yongzhi/Desktop/Project/%e6%88%91%e8%a6%81%e8%bf%9b%e5%a4%a7%e5%8e%82/MybatisMapper/target/classes/com/zyz/pojo/Dept.class
DEBUG [main] - Reader entry: ����&amp;#0;&amp;#0;&amp;#0;4&amp;#0;&lt;
DEBUG [main] - Find JAR URL: file:/C:/Users/Yongzhi/Desktop/Project/%e6%88%91%e8%a6%81%e8%bf%9b%e5%a4%a7%e5%8e%82/MybatisMapper/target/classes/com/zyz/pojo/Emp.class
DEBUG [main] - Not a JAR: file:/C:/Users/Yongzhi/Desktop/Project/%e6%88%91%e8%a6%81%e8%bf%9b%e5%a4%a7%e5%8e%82/MybatisMapper/target/classes/com/zyz/pojo/Emp.class
DEBUG [main] - Reader entry: ����&amp;#0;&amp;#0;&amp;#0;4&amp;#0;M
DEBUG [main] - Checking to see if class com.zyz.pojo.Dept matches criteria [is assignable to Object]
DEBUG [main] - Checking to see if class com.zyz.pojo.Emp matches criteria [is assignable to Object]
DEBUG [main] - PooledDataSource forcefully closed/removed all connections.
DEBUG [main] - PooledDataSource forcefully closed/removed all connections.
DEBUG [main] - PooledDataSource forcefully closed/removed all connections.
DEBUG [main] - PooledDataSource forcefully closed/removed all connections.
DEBUG [main] - Find JAR URL: file:/C:/Users/Yongzhi/Desktop/Project/%e6%88%91%e8%a6%81%e8%bf%9b%e5%a4%a7%e5%8e%82/MybatisMapper/target/classes/com/zyz/mapper
DEBUG [main] - Not a JAR: file:/C:/Users/Yongzhi/Desktop/Project/%e6%88%91%e8%a6%81%e8%bf%9b%e5%a4%a7%e5%8e%82/MybatisMapper/target/classes/com/zyz/mapper
DEBUG [main] - Reader entry: DeptMapper.class
DEBUG [main] - Reader entry: EmpMapper.class
DEBUG [main] - Listing file:/C:/Users/Yongzhi/Desktop/Project/%e6%88%91%e8%a6%81%e8%bf%9b%e5%a4%a7%e5%8e%82/MybatisMapper/target/classes/com/zyz/mapper
DEBUG [main] - Find JAR URL: file:/C:/Users/Yongzhi/Desktop/Project/%e6%88%91%e8%a6%81%e8%bf%9b%e5%a4%a7%e5%8e%82/MybatisMapper/target/classes/com/zyz/mapper/DeptMapper.class
DEBUG [main] - Not a JAR: file:/C:/Users/Yongzhi/Desktop/Project/%e6%88%91%e8%a6%81%e8%bf%9b%e5%a4%a7%e5%8e%82/MybatisMapper/target/classes/com/zyz/mapper/DeptMapper.class
DEBUG [main] - Reader entry: ����&amp;#0;&amp;#0;&amp;#0;4&amp;#0;&amp;#21;&amp;#7;&amp;#0;&amp;#18;&amp;#7;&amp;#0;&amp;#19;&amp;#1;&amp;#0;	selectAll&amp;#1;&amp;#0;&amp;#18;()Ljava/util/List;&amp;#1;&amp;#0;
DEBUG [main] - Find JAR URL: file:/C:/Users/Yongzhi/Desktop/Project/%e6%88%91%e8%a6%81%e8%bf%9b%e5%a4%a7%e5%8e%82/MybatisMapper/target/classes/com/zyz/mapper/EmpMapper.class
DEBUG [main] - Not a JAR: file:/C:/Users/Yongzhi/Desktop/Project/%e6%88%91%e8%a6%81%e8%bf%9b%e5%a4%a7%e5%8e%82/MybatisMapper/target/classes/com/zyz/mapper/EmpMapper.class
DEBUG [main] - Reader entry: ����&amp;#0;&amp;#0;&amp;#0;4&amp;#0;&amp;#29;&amp;#7;&amp;#0;&amp;#26;&amp;#7;&amp;#0;&amp;#27;&amp;#1;&amp;#0;&amp;#18;selectEmpBysalname&amp;#1;&amp;#0;$(Lcom/zyz/pojo/Emp;)Ljava/util/List;&amp;#1;&amp;#0;
DEBUG [main] - Checking to see if class com.zyz.mapper.DeptMapper matches criteria [is assignable to Object]
DEBUG [main] - Checking to see if class com.zyz.mapper.EmpMapper matches criteria [is assignable to Object]
</system-out>
  </testcase>
  <testcase classname="com.zyz.test.MybatisTest" name="test06" time="0.025">
    <error message="Invalid bound statement (not found): com.zyz.mapper.EmpMapper.selectEmpByempnos" type="org.apache.ibatis.binding.BindingException">org.apache.ibatis.binding.BindingException: Invalid bound statement (not found): com.zyz.mapper.EmpMapper.selectEmpByempnos
	at org.apache.ibatis.binding.MapperMethod$SqlCommand.&lt;init&gt;(MapperMethod.java:235)
	at org.apache.ibatis.binding.MapperMethod.&lt;init&gt;(MapperMethod.java:53)
	at org.apache.ibatis.binding.MapperProxy.lambda$cachedMapperMethod$0(MapperProxy.java:98)
	at java.util.concurrent.ConcurrentHashMap.computeIfAbsent(ConcurrentHashMap.java:1660)
	at org.apache.ibatis.binding.MapperProxy.cachedMapperMethod(MapperProxy.java:97)
	at org.apache.ibatis.binding.MapperProxy.invoke(MapperProxy.java:92)
	at com.sun.proxy.$Proxy6.selectEmpByempnos(Unknown Source)
	at com.zyz.test.MybatisTest.test06(MybatisTest.java:114)
	at sun.reflect.NativeMethodAccessorImpl.invoke0(Native Method)
	at sun.reflect.NativeMethodAccessorImpl.invoke(NativeMethodAccessorImpl.java:62)
	at sun.reflect.DelegatingMethodAccessorImpl.invoke(DelegatingMethodAccessorImpl.java:43)
	at java.lang.reflect.Method.invoke(Method.java:498)
	at org.junit.runners.model.FrameworkMethod$1.runReflectiveCall(FrameworkMethod.java:50)
	at org.junit.internal.runners.model.ReflectiveCallable.run(ReflectiveCallable.java:12)
	at org.junit.runners.model.FrameworkMethod.invokeExplosively(FrameworkMethod.java:47)
	at org.junit.internal.runners.statements.InvokeMethod.evaluate(InvokeMethod.java:17)
	at org.junit.internal.runners.statements.RunBefores.evaluate(RunBefores.java:26)
	at org.junit.runners.ParentRunner.runLeaf(ParentRunner.java:325)
	at org.junit.runners.BlockJUnit4ClassRunner.runChild(BlockJUnit4ClassRunner.java:78)
	at org.junit.runners.BlockJUnit4ClassRunner.runChild(BlockJUnit4ClassRunner.java:57)
	at org.junit.runners.ParentRunner$3.run(ParentRunner.java:290)
	at org.junit.runners.ParentRunner$1.schedule(ParentRunner.java:71)
	at org.junit.runners.ParentRunner.runChildren(ParentRunner.java:288)
	at org.junit.runners.ParentRunner.access$000(ParentRunner.java:58)
	at org.junit.runners.ParentRunner$2.evaluate(ParentRunner.java:268)
	at org.junit.runners.ParentRunner.run(ParentRunner.java:363)
	at org.apache.maven.surefire.junit4.JUnit4Provider.execute(JUnit4Provider.java:252)
	at org.apache.maven.surefire.junit4.JUnit4Provider.executeTestSet(JUnit4Provider.java:141)
	at org.apache.maven.surefire.junit4.JUnit4Provider.invoke(JUnit4Provider.java:112)
	at sun.reflect.NativeMethodAccessorImpl.invoke0(Native Method)
	at sun.reflect.NativeMethodAccessorImpl.invoke(NativeMethodAccessorImpl.java:62)
	at sun.reflect.DelegatingMethodAccessorImpl.invoke(DelegatingMethodAccessorImpl.java:43)
	at java.lang.reflect.Method.invoke(Method.java:498)
	at org.apache.maven.surefire.util.ReflectionUtils.invokeMethodWithArray(ReflectionUtils.java:189)
	at org.apache.maven.surefire.booter.ProviderFactory$ProviderProxy.invoke(ProviderFactory.java:165)
	at org.apache.maven.surefire.booter.ProviderFactory.invokeProvider(ProviderFactory.java:85)
	at org.apache.maven.surefire.booter.ForkedBooter.runSuitesInProcess(ForkedBooter.java:115)
	at org.apache.maven.surefire.booter.ForkedBooter.main(ForkedBooter.java:75)
</error>
    <system-out>DEBUG [main] - Find JAR URL: file:/C:/Users/Yongzhi/Desktop/Project/%e6%88%91%e8%a6%81%e8%bf%9b%e5%a4%a7%e5%8e%82/MybatisMapper/target/classes/com/zyz/pojo
DEBUG [main] - Not a JAR: file:/C:/Users/Yongzhi/Desktop/Project/%e6%88%91%e8%a6%81%e8%bf%9b%e5%a4%a7%e5%8e%82/MybatisMapper/target/classes/com/zyz/pojo
DEBUG [main] - Reader entry: Dept.class
DEBUG [main] - Reader entry: Emp.class
DEBUG [main] - Listing file:/C:/Users/Yongzhi/Desktop/Project/%e6%88%91%e8%a6%81%e8%bf%9b%e5%a4%a7%e5%8e%82/MybatisMapper/target/classes/com/zyz/pojo
DEBUG [main] - Find JAR URL: file:/C:/Users/Yongzhi/Desktop/Project/%e6%88%91%e8%a6%81%e8%bf%9b%e5%a4%a7%e5%8e%82/MybatisMapper/target/classes/com/zyz/pojo/Dept.class
DEBUG [main] - Not a JAR: file:/C:/Users/Yongzhi/Desktop/Project/%e6%88%91%e8%a6%81%e8%bf%9b%e5%a4%a7%e5%8e%82/MybatisMapper/target/classes/com/zyz/pojo/Dept.class
DEBUG [main] - Reader entry: ����&amp;#0;&amp;#0;&amp;#0;4&amp;#0;&lt;
DEBUG [main] - Find JAR URL: file:/C:/Users/Yongzhi/Desktop/Project/%e6%88%91%e8%a6%81%e8%bf%9b%e5%a4%a7%e5%8e%82/MybatisMapper/target/classes/com/zyz/pojo/Emp.class
DEBUG [main] - Not a JAR: file:/C:/Users/Yongzhi/Desktop/Project/%e6%88%91%e8%a6%81%e8%bf%9b%e5%a4%a7%e5%8e%82/MybatisMapper/target/classes/com/zyz/pojo/Emp.class
DEBUG [main] - Reader entry: ����&amp;#0;&amp;#0;&amp;#0;4&amp;#0;M
DEBUG [main] - Checking to see if class com.zyz.pojo.Dept matches criteria [is assignable to Object]
DEBUG [main] - Checking to see if class com.zyz.pojo.Emp matches criteria [is assignable to Object]
DEBUG [main] - PooledDataSource forcefully closed/removed all connections.
DEBUG [main] - PooledDataSource forcefully closed/removed all connections.
DEBUG [main] - PooledDataSource forcefully closed/removed all connections.
DEBUG [main] - PooledDataSource forcefully closed/removed all connections.
DEBUG [main] - Find JAR URL: file:/C:/Users/Yongzhi/Desktop/Project/%e6%88%91%e8%a6%81%e8%bf%9b%e5%a4%a7%e5%8e%82/MybatisMapper/target/classes/com/zyz/mapper
DEBUG [main] - Not a JAR: file:/C:/Users/Yongzhi/Desktop/Project/%e6%88%91%e8%a6%81%e8%bf%9b%e5%a4%a7%e5%8e%82/MybatisMapper/target/classes/com/zyz/mapper
DEBUG [main] - Reader entry: DeptMapper.class
DEBUG [main] - Reader entry: EmpMapper.class
DEBUG [main] - Listing file:/C:/Users/Yongzhi/Desktop/Project/%e6%88%91%e8%a6%81%e8%bf%9b%e5%a4%a7%e5%8e%82/MybatisMapper/target/classes/com/zyz/mapper
DEBUG [main] - Find JAR URL: file:/C:/Users/Yongzhi/Desktop/Project/%e6%88%91%e8%a6%81%e8%bf%9b%e5%a4%a7%e5%8e%82/MybatisMapper/target/classes/com/zyz/mapper/DeptMapper.class
DEBUG [main] - Not a JAR: file:/C:/Users/Yongzhi/Desktop/Project/%e6%88%91%e8%a6%81%e8%bf%9b%e5%a4%a7%e5%8e%82/MybatisMapper/target/classes/com/zyz/mapper/DeptMapper.class
DEBUG [main] - Reader entry: ����&amp;#0;&amp;#0;&amp;#0;4&amp;#0;&amp;#21;&amp;#7;&amp;#0;&amp;#18;&amp;#7;&amp;#0;&amp;#19;&amp;#1;&amp;#0;	selectAll&amp;#1;&amp;#0;&amp;#18;()Ljava/util/List;&amp;#1;&amp;#0;
DEBUG [main] - Find JAR URL: file:/C:/Users/Yongzhi/Desktop/Project/%e6%88%91%e8%a6%81%e8%bf%9b%e5%a4%a7%e5%8e%82/MybatisMapper/target/classes/com/zyz/mapper/EmpMapper.class
DEBUG [main] - Not a JAR: file:/C:/Users/Yongzhi/Desktop/Project/%e6%88%91%e8%a6%81%e8%bf%9b%e5%a4%a7%e5%8e%82/MybatisMapper/target/classes/com/zyz/mapper/EmpMapper.class
DEBUG [main] - Reader entry: ����&amp;#0;&amp;#0;&amp;#0;4&amp;#0;&amp;#29;&amp;#7;&amp;#0;&amp;#26;&amp;#7;&amp;#0;&amp;#27;&amp;#1;&amp;#0;&amp;#18;selectEmpBysalname&amp;#1;&amp;#0;$(Lcom/zyz/pojo/Emp;)Ljava/util/List;&amp;#1;&amp;#0;
DEBUG [main] - Checking to see if class com.zyz.mapper.DeptMapper matches criteria [is assignable to Object]
DEBUG [main] - Checking to see if class com.zyz.mapper.EmpMapper matches criteria [is assignable to Object]
</system-out>
  </testcase>
  <testcase classname="com.zyz.test.MybatisTest" name="test07" time="0.023">
    <error message="Invalid bound statement (not found): com.zyz.mapper.EmpMapper.selectEmpByArray" type="org.apache.ibatis.binding.BindingException">org.apache.ibatis.binding.BindingException: Invalid bound statement (not found): com.zyz.mapper.EmpMapper.selectEmpByArray
	at org.apache.ibatis.binding.MapperMethod$SqlCommand.&lt;init&gt;(MapperMethod.java:235)
	at org.apache.ibatis.binding.MapperMethod.&lt;init&gt;(MapperMethod.java:53)
	at org.apache.ibatis.binding.MapperProxy.lambda$cachedMapperMethod$0(MapperProxy.java:98)
	at java.util.concurrent.ConcurrentHashMap.computeIfAbsent(ConcurrentHashMap.java:1660)
	at org.apache.ibatis.binding.MapperProxy.cachedMapperMethod(MapperProxy.java:97)
	at org.apache.ibatis.binding.MapperProxy.invoke(MapperProxy.java:92)
	at com.sun.proxy.$Proxy6.selectEmpByArray(Unknown Source)
	at com.zyz.test.MybatisTest.test07(MybatisTest.java:127)
	at sun.reflect.NativeMethodAccessorImpl.invoke0(Native Method)
	at sun.reflect.NativeMethodAccessorImpl.invoke(NativeMethodAccessorImpl.java:62)
	at sun.reflect.DelegatingMethodAccessorImpl.invoke(DelegatingMethodAccessorImpl.java:43)
	at java.lang.reflect.Method.invoke(Method.java:498)
	at org.junit.runners.model.FrameworkMethod$1.runReflectiveCall(FrameworkMethod.java:50)
	at org.junit.internal.runners.model.ReflectiveCallable.run(ReflectiveCallable.java:12)
	at org.junit.runners.model.FrameworkMethod.invokeExplosively(FrameworkMethod.java:47)
	at org.junit.internal.runners.statements.InvokeMethod.evaluate(InvokeMethod.java:17)
	at org.junit.internal.runners.statements.RunBefores.evaluate(RunBefores.java:26)
	at org.junit.runners.ParentRunner.runLeaf(ParentRunner.java:325)
	at org.junit.runners.BlockJUnit4ClassRunner.runChild(BlockJUnit4ClassRunner.java:78)
	at org.junit.runners.BlockJUnit4ClassRunner.runChild(BlockJUnit4ClassRunner.java:57)
	at org.junit.runners.ParentRunner$3.run(ParentRunner.java:290)
	at org.junit.runners.ParentRunner$1.schedule(ParentRunner.java:71)
	at org.junit.runners.ParentRunner.runChildren(ParentRunner.java:288)
	at org.junit.runners.ParentRunner.access$000(ParentRunner.java:58)
	at org.junit.runners.ParentRunner$2.evaluate(ParentRunner.java:268)
	at org.junit.runners.ParentRunner.run(ParentRunner.java:363)
	at org.apache.maven.surefire.junit4.JUnit4Provider.execute(JUnit4Provider.java:252)
	at org.apache.maven.surefire.junit4.JUnit4Provider.executeTestSet(JUnit4Provider.java:141)
	at org.apache.maven.surefire.junit4.JUnit4Provider.invoke(JUnit4Provider.java:112)
	at sun.reflect.NativeMethodAccessorImpl.invoke0(Native Method)
	at sun.reflect.NativeMethodAccessorImpl.invoke(NativeMethodAccessorImpl.java:62)
	at sun.reflect.DelegatingMethodAccessorImpl.invoke(DelegatingMethodAccessorImpl.java:43)
	at java.lang.reflect.Method.invoke(Method.java:498)
	at org.apache.maven.surefire.util.ReflectionUtils.invokeMethodWithArray(ReflectionUtils.java:189)
	at org.apache.maven.surefire.booter.ProviderFactory$ProviderProxy.invoke(ProviderFactory.java:165)
	at org.apache.maven.surefire.booter.ProviderFactory.invokeProvider(ProviderFactory.java:85)
	at org.apache.maven.surefire.booter.ForkedBooter.runSuitesInProcess(ForkedBooter.java:115)
	at org.apache.maven.surefire.booter.ForkedBooter.main(ForkedBooter.java:75)
</error>
    <system-out>DEBUG [main] - Find JAR URL: file:/C:/Users/Yongzhi/Desktop/Project/%e6%88%91%e8%a6%81%e8%bf%9b%e5%a4%a7%e5%8e%82/MybatisMapper/target/classes/com/zyz/pojo
DEBUG [main] - Not a JAR: file:/C:/Users/Yongzhi/Desktop/Project/%e6%88%91%e8%a6%81%e8%bf%9b%e5%a4%a7%e5%8e%82/MybatisMapper/target/classes/com/zyz/pojo
DEBUG [main] - Reader entry: Dept.class
DEBUG [main] - Reader entry: Emp.class
DEBUG [main] - Listing file:/C:/Users/Yongzhi/Desktop/Project/%e6%88%91%e8%a6%81%e8%bf%9b%e5%a4%a7%e5%8e%82/MybatisMapper/target/classes/com/zyz/pojo
DEBUG [main] - Find JAR URL: file:/C:/Users/Yongzhi/Desktop/Project/%e6%88%91%e8%a6%81%e8%bf%9b%e5%a4%a7%e5%8e%82/MybatisMapper/target/classes/com/zyz/pojo/Dept.class
DEBUG [main] - Not a JAR: file:/C:/Users/Yongzhi/Desktop/Project/%e6%88%91%e8%a6%81%e8%bf%9b%e5%a4%a7%e5%8e%82/MybatisMapper/target/classes/com/zyz/pojo/Dept.class
DEBUG [main] - Reader entry: ����&amp;#0;&amp;#0;&amp;#0;4&amp;#0;&lt;
DEBUG [main] - Find JAR URL: file:/C:/Users/Yongzhi/Desktop/Project/%e6%88%91%e8%a6%81%e8%bf%9b%e5%a4%a7%e5%8e%82/MybatisMapper/target/classes/com/zyz/pojo/Emp.class
DEBUG [main] - Not a JAR: file:/C:/Users/Yongzhi/Desktop/Project/%e6%88%91%e8%a6%81%e8%bf%9b%e5%a4%a7%e5%8e%82/MybatisMapper/target/classes/com/zyz/pojo/Emp.class
DEBUG [main] - Reader entry: ����&amp;#0;&amp;#0;&amp;#0;4&amp;#0;M
DEBUG [main] - Checking to see if class com.zyz.pojo.Dept matches criteria [is assignable to Object]
DEBUG [main] - Checking to see if class com.zyz.pojo.Emp matches criteria [is assignable to Object]
DEBUG [Finalizer] - PooledDataSource forcefully closed/removed all connections.
DEBUG [Finalizer] - PooledDataSource forcefully closed/removed all connections.
DEBUG [Finalizer] - PooledDataSource forcefully closed/removed all connections.
DEBUG [Finalizer] - PooledDataSource forcefully closed/removed all connections.
DEBUG [Finalizer] - PooledDataSource forcefully closed/removed all connections.
DEBUG [Finalizer] - PooledDataSource forcefully closed/removed all connections.
DEBUG [main] - PooledDataSource forcefully closed/removed all connections.
DEBUG [main] - PooledDataSource forcefully closed/removed all connections.
DEBUG [main] - PooledDataSource forcefully closed/removed all connections.
DEBUG [main] - PooledDataSource forcefully closed/removed all connections.
DEBUG [main] - Find JAR URL: file:/C:/Users/Yongzhi/Desktop/Project/%e6%88%91%e8%a6%81%e8%bf%9b%e5%a4%a7%e5%8e%82/MybatisMapper/target/classes/com/zyz/mapper
DEBUG [main] - Not a JAR: file:/C:/Users/Yongzhi/Desktop/Project/%e6%88%91%e8%a6%81%e8%bf%9b%e5%a4%a7%e5%8e%82/MybatisMapper/target/classes/com/zyz/mapper
DEBUG [main] - Reader entry: DeptMapper.class
DEBUG [main] - Reader entry: EmpMapper.class
DEBUG [main] - Listing file:/C:/Users/Yongzhi/Desktop/Project/%e6%88%91%e8%a6%81%e8%bf%9b%e5%a4%a7%e5%8e%82/MybatisMapper/target/classes/com/zyz/mapper
DEBUG [main] - Find JAR URL: file:/C:/Users/Yongzhi/Desktop/Project/%e6%88%91%e8%a6%81%e8%bf%9b%e5%a4%a7%e5%8e%82/MybatisMapper/target/classes/com/zyz/mapper/DeptMapper.class
DEBUG [main] - Not a JAR: file:/C:/Users/Yongzhi/Desktop/Project/%e6%88%91%e8%a6%81%e8%bf%9b%e5%a4%a7%e5%8e%82/MybatisMapper/target/classes/com/zyz/mapper/DeptMapper.class
DEBUG [main] - Reader entry: ����&amp;#0;&amp;#0;&amp;#0;4&amp;#0;&amp;#21;&amp;#7;&amp;#0;&amp;#18;&amp;#7;&amp;#0;&amp;#19;&amp;#1;&amp;#0;	selectAll&amp;#1;&amp;#0;&amp;#18;()Ljava/util/List;&amp;#1;&amp;#0;
DEBUG [main] - Find JAR URL: file:/C:/Users/Yongzhi/Desktop/Project/%e6%88%91%e8%a6%81%e8%bf%9b%e5%a4%a7%e5%8e%82/MybatisMapper/target/classes/com/zyz/mapper/EmpMapper.class
DEBUG [main] - Not a JAR: file:/C:/Users/Yongzhi/Desktop/Project/%e6%88%91%e8%a6%81%e8%bf%9b%e5%a4%a7%e5%8e%82/MybatisMapper/target/classes/com/zyz/mapper/EmpMapper.class
DEBUG [main] - Reader entry: ����&amp;#0;&amp;#0;&amp;#0;4&amp;#0;&amp;#29;&amp;#7;&amp;#0;&amp;#26;&amp;#7;&amp;#0;&amp;#27;&amp;#1;&amp;#0;&amp;#18;selectEmpBysalname&amp;#1;&amp;#0;$(Lcom/zyz/pojo/Emp;)Ljava/util/List;&amp;#1;&amp;#0;
DEBUG [main] - Checking to see if class com.zyz.mapper.DeptMapper matches criteria [is assignable to Object]
DEBUG [main] - Checking to see if class com.zyz.mapper.EmpMapper matches criteria [is assignable to Object]
</system-out>
  </testcase>
  <testcase classname="com.zyz.test.MybatisTest" name="test08" time="0.02">
    <error message="Invalid bound statement (not found): com.zyz.mapper.EmpMapper.selectEmpByMap" type="org.apache.ibatis.binding.BindingException">org.apache.ibatis.binding.BindingException: Invalid bound statement (not found): com.zyz.mapper.EmpMapper.selectEmpByMap
	at org.apache.ibatis.binding.MapperMethod$SqlCommand.&lt;init&gt;(MapperMethod.java:235)
	at org.apache.ibatis.binding.MapperMethod.&lt;init&gt;(MapperMethod.java:53)
	at org.apache.ibatis.binding.MapperProxy.lambda$cachedMapperMethod$0(MapperProxy.java:98)
	at java.util.concurrent.ConcurrentHashMap.computeIfAbsent(ConcurrentHashMap.java:1660)
	at org.apache.ibatis.binding.MapperProxy.cachedMapperMethod(MapperProxy.java:97)
	at org.apache.ibatis.binding.MapperProxy.invoke(MapperProxy.java:92)
	at com.sun.proxy.$Proxy6.selectEmpByMap(Unknown Source)
	at com.zyz.test.MybatisTest.test08(MybatisTest.java:145)
	at sun.reflect.NativeMethodAccessorImpl.invoke0(Native Method)
	at sun.reflect.NativeMethodAccessorImpl.invoke(NativeMethodAccessorImpl.java:62)
	at sun.reflect.DelegatingMethodAccessorImpl.invoke(DelegatingMethodAccessorImpl.java:43)
	at java.lang.reflect.Method.invoke(Method.java:498)
	at org.junit.runners.model.FrameworkMethod$1.runReflectiveCall(FrameworkMethod.java:50)
	at org.junit.internal.runners.model.ReflectiveCallable.run(ReflectiveCallable.java:12)
	at org.junit.runners.model.FrameworkMethod.invokeExplosively(FrameworkMethod.java:47)
	at org.junit.internal.runners.statements.InvokeMethod.evaluate(InvokeMethod.java:17)
	at org.junit.internal.runners.statements.RunBefores.evaluate(RunBefores.java:26)
	at org.junit.runners.ParentRunner.runLeaf(ParentRunner.java:325)
	at org.junit.runners.BlockJUnit4ClassRunner.runChild(BlockJUnit4ClassRunner.java:78)
	at org.junit.runners.BlockJUnit4ClassRunner.runChild(BlockJUnit4ClassRunner.java:57)
	at org.junit.runners.ParentRunner$3.run(ParentRunner.java:290)
	at org.junit.runners.ParentRunner$1.schedule(ParentRunner.java:71)
	at org.junit.runners.ParentRunner.runChildren(ParentRunner.java:288)
	at org.junit.runners.ParentRunner.access$000(ParentRunner.java:58)
	at org.junit.runners.ParentRunner$2.evaluate(ParentRunner.java:268)
	at org.junit.runners.ParentRunner.run(ParentRunner.java:363)
	at org.apache.maven.surefire.junit4.JUnit4Provider.execute(JUnit4Provider.java:252)
	at org.apache.maven.surefire.junit4.JUnit4Provider.executeTestSet(JUnit4Provider.java:141)
	at org.apache.maven.surefire.junit4.JUnit4Provider.invoke(JUnit4Provider.java:112)
	at sun.reflect.NativeMethodAccessorImpl.invoke0(Native Method)
	at sun.reflect.NativeMethodAccessorImpl.invoke(NativeMethodAccessorImpl.java:62)
	at sun.reflect.DelegatingMethodAccessorImpl.invoke(DelegatingMethodAccessorImpl.java:43)
	at java.lang.reflect.Method.invoke(Method.java:498)
	at org.apache.maven.surefire.util.ReflectionUtils.invokeMethodWithArray(ReflectionUtils.java:189)
	at org.apache.maven.surefire.booter.ProviderFactory$ProviderProxy.invoke(ProviderFactory.java:165)
	at org.apache.maven.surefire.booter.ProviderFactory.invokeProvider(ProviderFactory.java:85)
	at org.apache.maven.surefire.booter.ForkedBooter.runSuitesInProcess(ForkedBooter.java:115)
	at org.apache.maven.surefire.booter.ForkedBooter.main(ForkedBooter.java:75)
</error>
    <system-out>DEBUG [main] - Find JAR URL: file:/C:/Users/Yongzhi/Desktop/Project/%e6%88%91%e8%a6%81%e8%bf%9b%e5%a4%a7%e5%8e%82/MybatisMapper/target/classes/com/zyz/pojo
DEBUG [main] - Not a JAR: file:/C:/Users/Yongzhi/Desktop/Project/%e6%88%91%e8%a6%81%e8%bf%9b%e5%a4%a7%e5%8e%82/MybatisMapper/target/classes/com/zyz/pojo
DEBUG [main] - Reader entry: Dept.class
DEBUG [main] - Reader entry: Emp.class
DEBUG [main] - Listing file:/C:/Users/Yongzhi/Desktop/Project/%e6%88%91%e8%a6%81%e8%bf%9b%e5%a4%a7%e5%8e%82/MybatisMapper/target/classes/com/zyz/pojo
DEBUG [main] - Find JAR URL: file:/C:/Users/Yongzhi/Desktop/Project/%e6%88%91%e8%a6%81%e8%bf%9b%e5%a4%a7%e5%8e%82/MybatisMapper/target/classes/com/zyz/pojo/Dept.class
DEBUG [main] - Not a JAR: file:/C:/Users/Yongzhi/Desktop/Project/%e6%88%91%e8%a6%81%e8%bf%9b%e5%a4%a7%e5%8e%82/MybatisMapper/target/classes/com/zyz/pojo/Dept.class
DEBUG [main] - Reader entry: ����&amp;#0;&amp;#0;&amp;#0;4&amp;#0;&lt;
DEBUG [main] - Find JAR URL: file:/C:/Users/Yongzhi/Desktop/Project/%e6%88%91%e8%a6%81%e8%bf%9b%e5%a4%a7%e5%8e%82/MybatisMapper/target/classes/com/zyz/pojo/Emp.class
DEBUG [main] - Not a JAR: file:/C:/Users/Yongzhi/Desktop/Project/%e6%88%91%e8%a6%81%e8%bf%9b%e5%a4%a7%e5%8e%82/MybatisMapper/target/classes/com/zyz/pojo/Emp.class
DEBUG [main] - Reader entry: ����&amp;#0;&amp;#0;&amp;#0;4&amp;#0;M
DEBUG [main] - Checking to see if class com.zyz.pojo.Dept matches criteria [is assignable to Object]
DEBUG [main] - Checking to see if class com.zyz.pojo.Emp matches criteria [is assignable to Object]
DEBUG [main] - PooledDataSource forcefully closed/removed all connections.
DEBUG [main] - PooledDataSource forcefully closed/removed all connections.
DEBUG [main] - PooledDataSource forcefully closed/removed all connections.
DEBUG [main] - PooledDataSource forcefully closed/removed all connections.
DEBUG [main] - Find JAR URL: file:/C:/Users/Yongzhi/Desktop/Project/%e6%88%91%e8%a6%81%e8%bf%9b%e5%a4%a7%e5%8e%82/MybatisMapper/target/classes/com/zyz/mapper
DEBUG [main] - Not a JAR: file:/C:/Users/Yongzhi/Desktop/Project/%e6%88%91%e8%a6%81%e8%bf%9b%e5%a4%a7%e5%8e%82/MybatisMapper/target/classes/com/zyz/mapper
DEBUG [main] - Reader entry: DeptMapper.class
DEBUG [main] - Reader entry: EmpMapper.class
DEBUG [main] - Listing file:/C:/Users/Yongzhi/Desktop/Project/%e6%88%91%e8%a6%81%e8%bf%9b%e5%a4%a7%e5%8e%82/MybatisMapper/target/classes/com/zyz/mapper
DEBUG [main] - Find JAR URL: file:/C:/Users/Yongzhi/Desktop/Project/%e6%88%91%e8%a6%81%e8%bf%9b%e5%a4%a7%e5%8e%82/MybatisMapper/target/classes/com/zyz/mapper/DeptMapper.class
DEBUG [main] - Not a JAR: file:/C:/Users/Yongzhi/Desktop/Project/%e6%88%91%e8%a6%81%e8%bf%9b%e5%a4%a7%e5%8e%82/MybatisMapper/target/classes/com/zyz/mapper/DeptMapper.class
DEBUG [main] - Reader entry: ����&amp;#0;&amp;#0;&amp;#0;4&amp;#0;&amp;#21;&amp;#7;&amp;#0;&amp;#18;&amp;#7;&amp;#0;&amp;#19;&amp;#1;&amp;#0;	selectAll&amp;#1;&amp;#0;&amp;#18;()Ljava/util/List;&amp;#1;&amp;#0;
DEBUG [main] - Find JAR URL: file:/C:/Users/Yongzhi/Desktop/Project/%e6%88%91%e8%a6%81%e8%bf%9b%e5%a4%a7%e5%8e%82/MybatisMapper/target/classes/com/zyz/mapper/EmpMapper.class
DEBUG [main] - Not a JAR: file:/C:/Users/Yongzhi/Desktop/Project/%e6%88%91%e8%a6%81%e8%bf%9b%e5%a4%a7%e5%8e%82/MybatisMapper/target/classes/com/zyz/mapper/EmpMapper.class
DEBUG [main] - Reader entry: ����&amp;#0;&amp;#0;&amp;#0;4&amp;#0;&amp;#29;&amp;#7;&amp;#0;&amp;#26;&amp;#7;&amp;#0;&amp;#27;&amp;#1;&amp;#0;&amp;#18;selectEmpBysalname&amp;#1;&amp;#0;$(Lcom/zyz/pojo/Emp;)Ljava/util/List;&amp;#1;&amp;#0;
DEBUG [main] - Checking to see if class com.zyz.mapper.DeptMapper matches criteria [is assignable to Object]
DEBUG [main] - Checking to see if class com.zyz.mapper.EmpMapper matches criteria [is assignable to Object]
</system-out>
  </testcase>
  <testcase classname="com.zyz.test.MybatisTest" name="test09" time="0.016">
    <error message="Invalid bound statement (not found): com.zyz.mapper.EmpMapper.selectEmpByMapInfo" type="org.apache.ibatis.binding.BindingException">org.apache.ibatis.binding.BindingException: Invalid bound statement (not found): com.zyz.mapper.EmpMapper.selectEmpByMapInfo
	at org.apache.ibatis.binding.MapperMethod$SqlCommand.&lt;init&gt;(MapperMethod.java:235)
	at org.apache.ibatis.binding.MapperMethod.&lt;init&gt;(MapperMethod.java:53)
	at org.apache.ibatis.binding.MapperProxy.lambda$cachedMapperMethod$0(MapperProxy.java:98)
	at java.util.concurrent.ConcurrentHashMap.computeIfAbsent(ConcurrentHashMap.java:1660)
	at org.apache.ibatis.binding.MapperProxy.cachedMapperMethod(MapperProxy.java:97)
	at org.apache.ibatis.binding.MapperProxy.invoke(MapperProxy.java:92)
	at com.sun.proxy.$Proxy6.selectEmpByMapInfo(Unknown Source)
	at com.zyz.test.MybatisTest.test09(MybatisTest.java:167)
	at sun.reflect.NativeMethodAccessorImpl.invoke0(Native Method)
	at sun.reflect.NativeMethodAccessorImpl.invoke(NativeMethodAccessorImpl.java:62)
	at sun.reflect.DelegatingMethodAccessorImpl.invoke(DelegatingMethodAccessorImpl.java:43)
	at java.lang.reflect.Method.invoke(Method.java:498)
	at org.junit.runners.model.FrameworkMethod$1.runReflectiveCall(FrameworkMethod.java:50)
	at org.junit.internal.runners.model.ReflectiveCallable.run(ReflectiveCallable.java:12)
	at org.junit.runners.model.FrameworkMethod.invokeExplosively(FrameworkMethod.java:47)
	at org.junit.internal.runners.statements.InvokeMethod.evaluate(InvokeMethod.java:17)
	at org.junit.internal.runners.statements.RunBefores.evaluate(RunBefores.java:26)
	at org.junit.runners.ParentRunner.runLeaf(ParentRunner.java:325)
	at org.junit.runners.BlockJUnit4ClassRunner.runChild(BlockJUnit4ClassRunner.java:78)
	at org.junit.runners.BlockJUnit4ClassRunner.runChild(BlockJUnit4ClassRunner.java:57)
	at org.junit.runners.ParentRunner$3.run(ParentRunner.java:290)
	at org.junit.runners.ParentRunner$1.schedule(ParentRunner.java:71)
	at org.junit.runners.ParentRunner.runChildren(ParentRunner.java:288)
	at org.junit.runners.ParentRunner.access$000(ParentRunner.java:58)
	at org.junit.runners.ParentRunner$2.evaluate(ParentRunner.java:268)
	at org.junit.runners.ParentRunner.run(ParentRunner.java:363)
	at org.apache.maven.surefire.junit4.JUnit4Provider.execute(JUnit4Provider.java:252)
	at org.apache.maven.surefire.junit4.JUnit4Provider.executeTestSet(JUnit4Provider.java:141)
	at org.apache.maven.surefire.junit4.JUnit4Provider.invoke(JUnit4Provider.java:112)
	at sun.reflect.NativeMethodAccessorImpl.invoke0(Native Method)
	at sun.reflect.NativeMethodAccessorImpl.invoke(NativeMethodAccessorImpl.java:62)
	at sun.reflect.DelegatingMethodAccessorImpl.invoke(DelegatingMethodAccessorImpl.java:43)
	at java.lang.reflect.Method.invoke(Method.java:498)
	at org.apache.maven.surefire.util.ReflectionUtils.invokeMethodWithArray(ReflectionUtils.java:189)
	at org.apache.maven.surefire.booter.ProviderFactory$ProviderProxy.invoke(ProviderFactory.java:165)
	at org.apache.maven.surefire.booter.ProviderFactory.invokeProvider(ProviderFactory.java:85)
	at org.apache.maven.surefire.booter.ForkedBooter.runSuitesInProcess(ForkedBooter.java:115)
	at org.apache.maven.surefire.booter.ForkedBooter.main(ForkedBooter.java:75)
</error>
    <system-out>DEBUG [main] - Find JAR URL: file:/C:/Users/Yongzhi/Desktop/Project/%e6%88%91%e8%a6%81%e8%bf%9b%e5%a4%a7%e5%8e%82/MybatisMapper/target/classes/com/zyz/pojo
DEBUG [main] - Not a JAR: file:/C:/Users/Yongzhi/Desktop/Project/%e6%88%91%e8%a6%81%e8%bf%9b%e5%a4%a7%e5%8e%82/MybatisMapper/target/classes/com/zyz/pojo
DEBUG [main] - Reader entry: Dept.class
DEBUG [main] - Reader entry: Emp.class
DEBUG [main] - Listing file:/C:/Users/Yongzhi/Desktop/Project/%e6%88%91%e8%a6%81%e8%bf%9b%e5%a4%a7%e5%8e%82/MybatisMapper/target/classes/com/zyz/pojo
DEBUG [main] - Find JAR URL: file:/C:/Users/Yongzhi/Desktop/Project/%e6%88%91%e8%a6%81%e8%bf%9b%e5%a4%a7%e5%8e%82/MybatisMapper/target/classes/com/zyz/pojo/Dept.class
DEBUG [main] - Not a JAR: file:/C:/Users/Yongzhi/Desktop/Project/%e6%88%91%e8%a6%81%e8%bf%9b%e5%a4%a7%e5%8e%82/MybatisMapper/target/classes/com/zyz/pojo/Dept.class
DEBUG [main] - Reader entry: ����&amp;#0;&amp;#0;&amp;#0;4&amp;#0;&lt;
DEBUG [main] - Find JAR URL: file:/C:/Users/Yongzhi/Desktop/Project/%e6%88%91%e8%a6%81%e8%bf%9b%e5%a4%a7%e5%8e%82/MybatisMapper/target/classes/com/zyz/pojo/Emp.class
DEBUG [main] - Not a JAR: file:/C:/Users/Yongzhi/Desktop/Project/%e6%88%91%e8%a6%81%e8%bf%9b%e5%a4%a7%e5%8e%82/MybatisMapper/target/classes/com/zyz/pojo/Emp.class
DEBUG [main] - Reader entry: ����&amp;#0;&amp;#0;&amp;#0;4&amp;#0;M
DEBUG [main] - Checking to see if class com.zyz.pojo.Dept matches criteria [is assignable to Object]
DEBUG [main] - Checking to see if class com.zyz.pojo.Emp matches criteria [is assignable to Object]
DEBUG [main] - PooledDataSource forcefully closed/removed all connections.
DEBUG [main] - PooledDataSource forcefully closed/removed all connections.
DEBUG [main] - PooledDataSource forcefully closed/removed all connections.
DEBUG [main] - PooledDataSource forcefully closed/removed all connections.
DEBUG [main] - Find JAR URL: file:/C:/Users/Yongzhi/Desktop/Project/%e6%88%91%e8%a6%81%e8%bf%9b%e5%a4%a7%e5%8e%82/MybatisMapper/target/classes/com/zyz/mapper
DEBUG [main] - Not a JAR: file:/C:/Users/Yongzhi/Desktop/Project/%e6%88%91%e8%a6%81%e8%bf%9b%e5%a4%a7%e5%8e%82/MybatisMapper/target/classes/com/zyz/mapper
DEBUG [main] - Reader entry: DeptMapper.class
DEBUG [main] - Reader entry: EmpMapper.class
DEBUG [main] - Listing file:/C:/Users/Yongzhi/Desktop/Project/%e6%88%91%e8%a6%81%e8%bf%9b%e5%a4%a7%e5%8e%82/MybatisMapper/target/classes/com/zyz/mapper
DEBUG [main] - Find JAR URL: file:/C:/Users/Yongzhi/Desktop/Project/%e6%88%91%e8%a6%81%e8%bf%9b%e5%a4%a7%e5%8e%82/MybatisMapper/target/classes/com/zyz/mapper/DeptMapper.class
DEBUG [main] - Not a JAR: file:/C:/Users/Yongzhi/Desktop/Project/%e6%88%91%e8%a6%81%e8%bf%9b%e5%a4%a7%e5%8e%82/MybatisMapper/target/classes/com/zyz/mapper/DeptMapper.class
DEBUG [main] - Reader entry: ����&amp;#0;&amp;#0;&amp;#0;4&amp;#0;&amp;#21;&amp;#7;&amp;#0;&amp;#18;&amp;#7;&amp;#0;&amp;#19;&amp;#1;&amp;#0;	selectAll&amp;#1;&amp;#0;&amp;#18;()Ljava/util/List;&amp;#1;&amp;#0;
DEBUG [main] - Find JAR URL: file:/C:/Users/Yongzhi/Desktop/Project/%e6%88%91%e8%a6%81%e8%bf%9b%e5%a4%a7%e5%8e%82/MybatisMapper/target/classes/com/zyz/mapper/EmpMapper.class
DEBUG [main] - Not a JAR: file:/C:/Users/Yongzhi/Desktop/Project/%e6%88%91%e8%a6%81%e8%bf%9b%e5%a4%a7%e5%8e%82/MybatisMapper/target/classes/com/zyz/mapper/EmpMapper.class
DEBUG [main] - Reader entry: ����&amp;#0;&amp;#0;&amp;#0;4&amp;#0;&amp;#29;&amp;#7;&amp;#0;&amp;#26;&amp;#7;&amp;#0;&amp;#27;&amp;#1;&amp;#0;&amp;#18;selectEmpBysalname&amp;#1;&amp;#0;$(Lcom/zyz/pojo/Emp;)Ljava/util/List;&amp;#1;&amp;#0;
DEBUG [main] - Checking to see if class com.zyz.mapper.DeptMapper matches criteria [is assignable to Object]
DEBUG [main] - Checking to see if class com.zyz.mapper.EmpMapper matches criteria [is assignable to Object]
</system-out>
  </testcase>
</testsuite>